This file contains any messages produced by compilers while
running configure, to aid debugging if configure makes a mistake.

It was created by configure, which was
generated by GNU Autoconf 2.65.  Invocation command line was

  $ ./configure --with-fastbit=/Users/sunilkalva/server/fastbit-ibis1.3.0/

## --------- ##
## Platform. ##
## --------- ##

hostname = sunil.mkhoj.com
uname -m = i386
uname -r = 10.8.0
uname -s = Darwin
uname -v = Darwin Kernel Version 10.8.0: Tue Jun  7 16:33:36 PDT 2011; root:xnu-1504.15.3~1/RELEASE_I386

/usr/bin/uname -p = i386
/bin/uname -X     = unknown

/bin/arch              = unknown
/usr/bin/arch -k       = unknown
/usr/convex/getsysinfo = unknown
/usr/bin/hostinfo      = Mach kernel version:
	 Darwin Kernel Version 10.8.0: Tue Jun  7 16:33:36 PDT 2011; root:xnu-1504.15.3~1/RELEASE_I386
Kernel configured for up to 4 processors.
2 processors are physically available.
4 processors are logically available.
Processor type: i486 (Intel 80486)
Processors active: 0 1 2 3
Primary memory available: 8.00 gigabytes
Default processor set: 114 tasks, 576 threads, 4 processors
Load average: 0.40, Mach factor: 3.59
/bin/machine           = unknown
/usr/bin/oslevel       = unknown
/bin/universe          = unknown

PATH: /Users/sunilkalva/tools/gnuplot-4.6.0/
PATH: /System/Library/Frameworks/JavaVM.framework/Versions/1.6.0/Home/bin
PATH: /Users/sunilkalva/tools/apache-maven-2.2.1/bin
PATH: /opt/local/bin
PATH: /Users/sunilkalva/tools/gnuplot-4.6.0/
PATH: /System/Library/Frameworks/JavaVM.framework/Versions/1.6.0/Home/bin
PATH: /Users/sunilkalva/tools/apache-maven-2.2.1/bin
PATH: /opt/local/bin
PATH: /usr/bin
PATH: /bin
PATH: /usr/sbin
PATH: /sbin
PATH: /usr/local/bin
PATH: /usr/local/git/bin
PATH: /usr/X11/bin
PATH: /Users/sunilkalva/server/hadoop-0.20.2-cdh3u0/bin
PATH: /Users/sunilkalva/server/hive-0.9.0/bin
PATH: /Users/sunilkalva/server/hadoop-0.20.2-cdh3u0/bin
PATH: /Users/sunilkalva/server/hive-0.9.0/bin


## ----------- ##
## Core tests. ##
## ----------- ##

configure:2575: checking for a BSD-compatible install
configure:2643: result: /opt/local/bin/ginstall -c
configure:2654: checking whether build environment is sane
configure:2704: result: yes
configure:2845: checking for a thread-safe mkdir -p
configure:2884: result: /opt/local/bin/gmkdir -p
configure:2897: checking for gawk
configure:2927: result: no
configure:2897: checking for mawk
configure:2927: result: no
configure:2897: checking for nawk
configure:2927: result: no
configure:2897: checking for awk
configure:2913: found /usr/bin/awk
configure:2924: result: awk
configure:2935: checking whether make sets $(MAKE)
configure:2957: result: yes
configure:3044: checking build system type
configure:3058: result: x86_64-apple-darwin10.8.0
configure:3078: checking host system type
configure:3091: result: x86_64-apple-darwin10.8.0
configure:3171: checking for g++
configure:3187: found /usr/bin/g++
configure:3198: result: g++
configure:3225: checking for C++ compiler version
configure:3234: g++ --version >&5
i686-apple-darwin10-g++-4.2.1 (GCC) 4.2.1 (Apple Inc. build 5666) (dot 3)
Copyright (C) 2007 Free Software Foundation, Inc.
This is free software; see the source for copying conditions.  There is NO
warranty; not even for MERCHANTABILITY or FITNESS FOR A PARTICULAR PURPOSE.

configure:3245: $? = 0
configure:3234: g++ -v >&5
Using built-in specs.
Target: i686-apple-darwin10
Configured with: /var/tmp/gcc/gcc-5666.3~6/src/configure --disable-checking --enable-werror --prefix=/usr --mandir=/share/man --enable-languages=c,objc,c++,obj-c++ --program-transform-name=/^[cg][^.-]*$/s/$/-4.2/ --with-slibdir=/usr/lib --build=i686-apple-darwin10 --program-prefix=i686-apple-darwin10- --host=x86_64-apple-darwin10 --target=i686-apple-darwin10 --with-gxx-include-dir=/include/c++/4.2.1
Thread model: posix
gcc version 4.2.1 (Apple Inc. build 5666) (dot 3)
configure:3245: $? = 0
configure:3234: g++ -V >&5
g++-4.2: argument to `-V' is missing
configure:3245: $? = 1
configure:3234: g++ -qversion >&5
i686-apple-darwin10-g++-4.2.1: no input files
configure:3245: $? = 1
configure:3265: checking whether the C++ compiler works
configure:3287: g++  -I/System/Library/Frameworks/JavaVM.framework/Versions/A/Headers -I/Developer/SDKs/MacOSX10.6.sdk/System/Library/Frameworks/JavaVM.framework/Versions/1.6.0/Headers  conftest.cpp  >&5
configure:3291: $? = 0
configure:3340: result: yes
configure:3343: checking for C++ compiler default output file name
configure:3345: result: a.out
configure:3351: checking for suffix of executables
configure:3358: g++ -o conftest  -I/System/Library/Frameworks/JavaVM.framework/Versions/A/Headers -I/Developer/SDKs/MacOSX10.6.sdk/System/Library/Frameworks/JavaVM.framework/Versions/1.6.0/Headers  conftest.cpp  >&5
configure:3362: $? = 0
configure:3384: result: 
configure:3406: checking whether we are cross compiling
configure:3414: g++ -o conftest  -I/System/Library/Frameworks/JavaVM.framework/Versions/A/Headers -I/Developer/SDKs/MacOSX10.6.sdk/System/Library/Frameworks/JavaVM.framework/Versions/1.6.0/Headers  conftest.cpp  >&5
configure:3418: $? = 0
configure:3425: ./conftest
configure:3429: $? = 0
configure:3444: result: no
configure:3449: checking for suffix of object files
configure:3471: g++ -c  -I/System/Library/Frameworks/JavaVM.framework/Versions/A/Headers -I/Developer/SDKs/MacOSX10.6.sdk/System/Library/Frameworks/JavaVM.framework/Versions/1.6.0/Headers conftest.cpp >&5
configure:3475: $? = 0
configure:3496: result: o
configure:3500: checking whether we are using the GNU C++ compiler
configure:3519: g++ -c  -I/System/Library/Frameworks/JavaVM.framework/Versions/A/Headers -I/Developer/SDKs/MacOSX10.6.sdk/System/Library/Frameworks/JavaVM.framework/Versions/1.6.0/Headers conftest.cpp >&5
configure:3519: $? = 0
configure:3528: result: yes
configure:3537: checking whether g++ accepts -g
configure:3557: g++ -c -g -I/System/Library/Frameworks/JavaVM.framework/Versions/A/Headers -I/Developer/SDKs/MacOSX10.6.sdk/System/Library/Frameworks/JavaVM.framework/Versions/1.6.0/Headers conftest.cpp >&5
configure:3557: $? = 0
configure:3598: result: yes
configure:3632: checking for style of include used by make
configure:3660: result: GNU
configure:3685: checking dependency style of g++
configure:3795: result: gcc3
configure:3890: checking for gcc
configure:3906: found /usr/bin/gcc
configure:3917: result: gcc
configure:4146: checking for C compiler version
configure:4155: gcc --version >&5
i686-apple-darwin10-gcc-4.2.1 (GCC) 4.2.1 (Apple Inc. build 5666) (dot 3)
Copyright (C) 2007 Free Software Foundation, Inc.
This is free software; see the source for copying conditions.  There is NO
warranty; not even for MERCHANTABILITY or FITNESS FOR A PARTICULAR PURPOSE.

configure:4166: $? = 0
configure:4155: gcc -v >&5
Using built-in specs.
Target: i686-apple-darwin10
Configured with: /var/tmp/gcc/gcc-5666.3~6/src/configure --disable-checking --enable-werror --prefix=/usr --mandir=/share/man --enable-languages=c,objc,c++,obj-c++ --program-transform-name=/^[cg][^.-]*$/s/$/-4.2/ --with-slibdir=/usr/lib --build=i686-apple-darwin10 --program-prefix=i686-apple-darwin10- --host=x86_64-apple-darwin10 --target=i686-apple-darwin10 --with-gxx-include-dir=/include/c++/4.2.1
Thread model: posix
gcc version 4.2.1 (Apple Inc. build 5666) (dot 3)
configure:4166: $? = 0
configure:4155: gcc -V >&5
gcc-4.2: argument to `-V' is missing
configure:4166: $? = 1
configure:4155: gcc -qversion >&5
i686-apple-darwin10-gcc-4.2.1: no input files
configure:4166: $? = 1
configure:4170: checking whether we are using the GNU C compiler
configure:4189: gcc -c  -I/System/Library/Frameworks/JavaVM.framework/Versions/A/Headers -I/Developer/SDKs/MacOSX10.6.sdk/System/Library/Frameworks/JavaVM.framework/Versions/1.6.0/Headers conftest.c >&5
configure:4189: $? = 0
configure:4198: result: yes
configure:4207: checking whether gcc accepts -g
configure:4227: gcc -c -g -I/System/Library/Frameworks/JavaVM.framework/Versions/A/Headers -I/Developer/SDKs/MacOSX10.6.sdk/System/Library/Frameworks/JavaVM.framework/Versions/1.6.0/Headers conftest.c >&5
configure:4227: $? = 0
configure:4268: result: yes
configure:4285: checking for gcc option to accept ISO C89
configure:4349: gcc  -c -g -O2 -I/System/Library/Frameworks/JavaVM.framework/Versions/A/Headers -I/Developer/SDKs/MacOSX10.6.sdk/System/Library/Frameworks/JavaVM.framework/Versions/1.6.0/Headers conftest.c >&5
configure:4349: $? = 0
configure:4362: result: none needed
configure:4384: checking dependency style of gcc
configure:4494: result: gcc3
configure:4509: checking for a sed that does not truncate output
configure:4573: result: /usr/bin/sed
configure:4591: checking for grep that handles long lines and -e
configure:4649: result: /usr/bin/grep
configure:4654: checking for egrep
configure:4716: result: /usr/bin/grep -E
configure:4721: checking for fgrep
configure:4783: result: /usr/bin/grep -F
configure:4818: checking for ld used by gcc
configure:4885: result: /usr/libexec/gcc/i686-apple-darwin10/4.2.1/ld
configure:4892: checking if the linker (/usr/libexec/gcc/i686-apple-darwin10/4.2.1/ld) is GNU ld
configure:4907: result: no
configure:4919: checking for BSD- or MS-compatible name lister (nm)
configure:4968: result: /usr/bin/nm
configure:5086: checking the name lister (/usr/bin/nm) interface
configure:5093: g++ -c -g -O2 -I/System/Library/Frameworks/JavaVM.framework/Versions/A/Headers -I/Developer/SDKs/MacOSX10.6.sdk/System/Library/Frameworks/JavaVM.framework/Versions/1.6.0/Headers conftest.cpp >&5
configure:5096: /usr/bin/nm "conftest.o"
configure:5099: output
0000000000000158 D _some_variable
configure:5106: result: BSD nm
configure:5109: checking whether ln -s works
configure:5113: result: yes
configure:5121: checking the maximum length of command line arguments
configure:5241: result: 196608
configure:5258: checking whether the shell understands some XSI constructs
configure:5268: result: yes
configure:5272: checking whether the shell understands "+="
configure:5278: result: yes
configure:5313: checking for /usr/libexec/gcc/i686-apple-darwin10/4.2.1/ld option to reload object files
configure:5320: result: -r
configure:5389: checking for objdump
configure:5419: result: no
configure:5448: checking how to recognize dependent libraries
configure:5644: result: pass_all
configure:5704: checking for ar
configure:5720: found /usr/bin/ar
configure:5731: result: ar
configure:5809: checking for strip
configure:5825: found /usr/bin/strip
configure:5836: result: strip
configure:5908: checking for ranlib
configure:5924: found /usr/bin/ranlib
configure:5935: result: ranlib
configure:6025: checking command to parse /usr/bin/nm output from gcc object
configure:6143: g++ -c -g -O2 -I/System/Library/Frameworks/JavaVM.framework/Versions/A/Headers -I/Developer/SDKs/MacOSX10.6.sdk/System/Library/Frameworks/JavaVM.framework/Versions/1.6.0/Headers conftest.cpp >&5
configure:6146: $? = 0
configure:6150: /usr/bin/nm conftest.o \| sed -n -e 's/^.*[	 ]\([BCDEGRST][BCDEGRST]*\)[	 ][	 ]*\([_A-Za-z][_A-Za-z0-9]*\)$/\1 \2 \2/p' \> conftest.nm
configure:6153: $? = 0
cannot find nm_test_var in conftest.nm
configure:6143: g++ -c -g -O2 -I/System/Library/Frameworks/JavaVM.framework/Versions/A/Headers -I/Developer/SDKs/MacOSX10.6.sdk/System/Library/Frameworks/JavaVM.framework/Versions/1.6.0/Headers conftest.cpp >&5
configure:6146: $? = 0
configure:6150: /usr/bin/nm conftest.o \| sed -n -e 's/^.*[	 ]\([BCDEGRST][BCDEGRST]*\)[	 ][	 ]*_\([_A-Za-z][_A-Za-z0-9]*\)$/\1 _\2 \2/p' \> conftest.nm
configure:6153: $? = 0
configure:6207: g++ -o conftest -g -O2 -I/System/Library/Frameworks/JavaVM.framework/Versions/A/Headers -I/Developer/SDKs/MacOSX10.6.sdk/System/Library/Frameworks/JavaVM.framework/Versions/1.6.0/Headers  conftest.cpp conftstm.o >&5
configure:6210: $? = 0
configure:6248: result: ok
configure:6513: checking for dsymutil
configure:6529: found /usr/bin/dsymutil
configure:6540: result: dsymutil
configure:6605: checking for nmedit
configure:6621: found /usr/bin/nmedit
configure:6632: result: nmedit
configure:6697: checking for lipo
configure:6713: found /usr/bin/lipo
configure:6724: result: lipo
configure:6789: checking for otool
configure:6805: found /usr/bin/otool
configure:6816: result: otool
configure:6881: checking for otool64
configure:6911: result: no
configure:6956: checking for -single_module linker flag
gcc -g -O2  -o libconftest.dylib -dynamiclib -Wl,-single_module conftest.c
configure:6983: result: yes
configure:6985: checking for -exported_symbols_list linker flag
configure:7005: g++ -o conftest -g -O2 -I/System/Library/Frameworks/JavaVM.framework/Versions/A/Headers -I/Developer/SDKs/MacOSX10.6.sdk/System/Library/Frameworks/JavaVM.framework/Versions/1.6.0/Headers  -Wl,-exported_symbols_list,conftest.sym conftest.cpp  >&5
configure:7005: $? = 0
configure:7015: result: yes
configure:7057: checking how to run the C preprocessor
configure:7088: gcc -E -I/System/Library/Frameworks/JavaVM.framework/Versions/A/Headers -I/Developer/SDKs/MacOSX10.6.sdk/System/Library/Frameworks/JavaVM.framework/Versions/1.6.0/Headers conftest.c
configure:7088: $? = 0
configure:7102: gcc -E -I/System/Library/Frameworks/JavaVM.framework/Versions/A/Headers -I/Developer/SDKs/MacOSX10.6.sdk/System/Library/Frameworks/JavaVM.framework/Versions/1.6.0/Headers conftest.c
conftest.c:11:28: error: ac_nonexistent.h: No such file or directory
configure:7102: $? = 1
configure: failed program was:
| /* confdefs.h */
| #define PACKAGE_NAME ""
| #define PACKAGE_TARNAME ""
| #define PACKAGE_VERSION ""
| #define PACKAGE_STRING ""
| #define PACKAGE_BUGREPORT ""
| #define PACKAGE_URL ""
| #define PACKAGE "fastbit4java"
| #define VERSION "1.0.0"
| /* end confdefs.h.  */
| #include <ac_nonexistent.h>
configure:7127: result: gcc -E
configure:7147: gcc -E -I/System/Library/Frameworks/JavaVM.framework/Versions/A/Headers -I/Developer/SDKs/MacOSX10.6.sdk/System/Library/Frameworks/JavaVM.framework/Versions/1.6.0/Headers conftest.c
configure:7147: $? = 0
configure:7161: gcc -E -I/System/Library/Frameworks/JavaVM.framework/Versions/A/Headers -I/Developer/SDKs/MacOSX10.6.sdk/System/Library/Frameworks/JavaVM.framework/Versions/1.6.0/Headers conftest.c
conftest.c:11:28: error: ac_nonexistent.h: No such file or directory
configure:7161: $? = 1
configure: failed program was:
| /* confdefs.h */
| #define PACKAGE_NAME ""
| #define PACKAGE_TARNAME ""
| #define PACKAGE_VERSION ""
| #define PACKAGE_STRING ""
| #define PACKAGE_BUGREPORT ""
| #define PACKAGE_URL ""
| #define PACKAGE "fastbit4java"
| #define VERSION "1.0.0"
| /* end confdefs.h.  */
| #include <ac_nonexistent.h>
configure:7190: checking for ANSI C header files
configure:7210: gcc -c -g -O2 -I/System/Library/Frameworks/JavaVM.framework/Versions/A/Headers -I/Developer/SDKs/MacOSX10.6.sdk/System/Library/Frameworks/JavaVM.framework/Versions/1.6.0/Headers conftest.c >&5
configure:7210: $? = 0
configure:7283: gcc -o conftest -g -O2 -I/System/Library/Frameworks/JavaVM.framework/Versions/A/Headers -I/Developer/SDKs/MacOSX10.6.sdk/System/Library/Frameworks/JavaVM.framework/Versions/1.6.0/Headers  conftest.c  >&5
configure:7283: $? = 0
configure:7283: ./conftest
configure:7283: $? = 0
configure:7294: result: yes
configure:7307: checking for sys/types.h
configure:7307: gcc -c -g -O2 -I/System/Library/Frameworks/JavaVM.framework/Versions/A/Headers -I/Developer/SDKs/MacOSX10.6.sdk/System/Library/Frameworks/JavaVM.framework/Versions/1.6.0/Headers conftest.c >&5
configure:7307: $? = 0
configure:7307: result: yes
configure:7307: checking for sys/stat.h
configure:7307: gcc -c -g -O2 -I/System/Library/Frameworks/JavaVM.framework/Versions/A/Headers -I/Developer/SDKs/MacOSX10.6.sdk/System/Library/Frameworks/JavaVM.framework/Versions/1.6.0/Headers conftest.c >&5
configure:7307: $? = 0
configure:7307: result: yes
configure:7307: checking for stdlib.h
configure:7307: gcc -c -g -O2 -I/System/Library/Frameworks/JavaVM.framework/Versions/A/Headers -I/Developer/SDKs/MacOSX10.6.sdk/System/Library/Frameworks/JavaVM.framework/Versions/1.6.0/Headers conftest.c >&5
configure:7307: $? = 0
configure:7307: result: yes
configure:7307: checking for string.h
configure:7307: gcc -c -g -O2 -I/System/Library/Frameworks/JavaVM.framework/Versions/A/Headers -I/Developer/SDKs/MacOSX10.6.sdk/System/Library/Frameworks/JavaVM.framework/Versions/1.6.0/Headers conftest.c >&5
configure:7307: $? = 0
configure:7307: result: yes
configure:7307: checking for memory.h
configure:7307: gcc -c -g -O2 -I/System/Library/Frameworks/JavaVM.framework/Versions/A/Headers -I/Developer/SDKs/MacOSX10.6.sdk/System/Library/Frameworks/JavaVM.framework/Versions/1.6.0/Headers conftest.c >&5
configure:7307: $? = 0
configure:7307: result: yes
configure:7307: checking for strings.h
configure:7307: gcc -c -g -O2 -I/System/Library/Frameworks/JavaVM.framework/Versions/A/Headers -I/Developer/SDKs/MacOSX10.6.sdk/System/Library/Frameworks/JavaVM.framework/Versions/1.6.0/Headers conftest.c >&5
configure:7307: $? = 0
configure:7307: result: yes
configure:7307: checking for inttypes.h
configure:7307: gcc -c -g -O2 -I/System/Library/Frameworks/JavaVM.framework/Versions/A/Headers -I/Developer/SDKs/MacOSX10.6.sdk/System/Library/Frameworks/JavaVM.framework/Versions/1.6.0/Headers conftest.c >&5
configure:7307: $? = 0
configure:7307: result: yes
configure:7307: checking for stdint.h
configure:7307: gcc -c -g -O2 -I/System/Library/Frameworks/JavaVM.framework/Versions/A/Headers -I/Developer/SDKs/MacOSX10.6.sdk/System/Library/Frameworks/JavaVM.framework/Versions/1.6.0/Headers conftest.c >&5
configure:7307: $? = 0
configure:7307: result: yes
configure:7307: checking for unistd.h
configure:7307: gcc -c -g -O2 -I/System/Library/Frameworks/JavaVM.framework/Versions/A/Headers -I/Developer/SDKs/MacOSX10.6.sdk/System/Library/Frameworks/JavaVM.framework/Versions/1.6.0/Headers conftest.c >&5
configure:7307: $? = 0
configure:7307: result: yes
configure:7322: checking for dlfcn.h
configure:7322: gcc -c -g -O2 -I/System/Library/Frameworks/JavaVM.framework/Versions/A/Headers -I/Developer/SDKs/MacOSX10.6.sdk/System/Library/Frameworks/JavaVM.framework/Versions/1.6.0/Headers conftest.c >&5
configure:7322: $? = 0
configure:7322: result: yes
configure:7447: checking for C++ compiler version
configure:7456: g++ --version >&5
i686-apple-darwin10-g++-4.2.1 (GCC) 4.2.1 (Apple Inc. build 5666) (dot 3)
Copyright (C) 2007 Free Software Foundation, Inc.
This is free software; see the source for copying conditions.  There is NO
warranty; not even for MERCHANTABILITY or FITNESS FOR A PARTICULAR PURPOSE.

configure:7467: $? = 0
configure:7456: g++ -v >&5
Using built-in specs.
Target: i686-apple-darwin10
Configured with: /var/tmp/gcc/gcc-5666.3~6/src/configure --disable-checking --enable-werror --prefix=/usr --mandir=/share/man --enable-languages=c,objc,c++,obj-c++ --program-transform-name=/^[cg][^.-]*$/s/$/-4.2/ --with-slibdir=/usr/lib --build=i686-apple-darwin10 --program-prefix=i686-apple-darwin10- --host=x86_64-apple-darwin10 --target=i686-apple-darwin10 --with-gxx-include-dir=/include/c++/4.2.1
Thread model: posix
gcc version 4.2.1 (Apple Inc. build 5666) (dot 3)
configure:7467: $? = 0
configure:7456: g++ -V >&5
g++-4.2: argument to `-V' is missing
configure:7467: $? = 1
configure:7456: g++ -qversion >&5
i686-apple-darwin10-g++-4.2.1: no input files
configure:7467: $? = 1
configure:7471: checking whether we are using the GNU C++ compiler
configure:7499: result: yes
configure:7508: checking whether g++ accepts -g
configure:7569: result: yes
configure:7594: checking dependency style of g++
configure:7704: result: gcc3
configure:7727: checking how to run the C++ preprocessor
configure:7754: g++ -E -I/System/Library/Frameworks/JavaVM.framework/Versions/A/Headers -I/Developer/SDKs/MacOSX10.6.sdk/System/Library/Frameworks/JavaVM.framework/Versions/1.6.0/Headers conftest.cpp
configure:7754: $? = 0
configure:7768: g++ -E -I/System/Library/Frameworks/JavaVM.framework/Versions/A/Headers -I/Developer/SDKs/MacOSX10.6.sdk/System/Library/Frameworks/JavaVM.framework/Versions/1.6.0/Headers conftest.cpp
conftest.cpp:22:28: error: ac_nonexistent.h: No such file or directory
configure:7768: $? = 1
configure: failed program was:
| /* confdefs.h */
| #define PACKAGE_NAME ""
| #define PACKAGE_TARNAME ""
| #define PACKAGE_VERSION ""
| #define PACKAGE_STRING ""
| #define PACKAGE_BUGREPORT ""
| #define PACKAGE_URL ""
| #define PACKAGE "fastbit4java"
| #define VERSION "1.0.0"
| #define STDC_HEADERS 1
| #define HAVE_SYS_TYPES_H 1
| #define HAVE_SYS_STAT_H 1
| #define HAVE_STDLIB_H 1
| #define HAVE_STRING_H 1
| #define HAVE_MEMORY_H 1
| #define HAVE_STRINGS_H 1
| #define HAVE_INTTYPES_H 1
| #define HAVE_STDINT_H 1
| #define HAVE_UNISTD_H 1
| #define HAVE_DLFCN_H 1
| /* end confdefs.h.  */
| #include <ac_nonexistent.h>
configure:7793: result: g++ -E
configure:7813: g++ -E -I/System/Library/Frameworks/JavaVM.framework/Versions/A/Headers -I/Developer/SDKs/MacOSX10.6.sdk/System/Library/Frameworks/JavaVM.framework/Versions/1.6.0/Headers conftest.cpp
configure:7813: $? = 0
configure:7827: g++ -E -I/System/Library/Frameworks/JavaVM.framework/Versions/A/Headers -I/Developer/SDKs/MacOSX10.6.sdk/System/Library/Frameworks/JavaVM.framework/Versions/1.6.0/Headers conftest.cpp
conftest.cpp:22:28: error: ac_nonexistent.h: No such file or directory
configure:7827: $? = 1
configure: failed program was:
| /* confdefs.h */
| #define PACKAGE_NAME ""
| #define PACKAGE_TARNAME ""
| #define PACKAGE_VERSION ""
| #define PACKAGE_STRING ""
| #define PACKAGE_BUGREPORT ""
| #define PACKAGE_URL ""
| #define PACKAGE "fastbit4java"
| #define VERSION "1.0.0"
| #define STDC_HEADERS 1
| #define HAVE_SYS_TYPES_H 1
| #define HAVE_SYS_STAT_H 1
| #define HAVE_STDLIB_H 1
| #define HAVE_STRING_H 1
| #define HAVE_MEMORY_H 1
| #define HAVE_STRINGS_H 1
| #define HAVE_INTTYPES_H 1
| #define HAVE_STDINT_H 1
| #define HAVE_UNISTD_H 1
| #define HAVE_DLFCN_H 1
| /* end confdefs.h.  */
| #include <ac_nonexistent.h>
configure:8033: checking for objdir
configure:8048: result: .libs
configure:8344: checking if gcc supports -fno-rtti -fno-exceptions
configure:8362: gcc -c -g -O2 -I/System/Library/Frameworks/JavaVM.framework/Versions/A/Headers -I/Developer/SDKs/MacOSX10.6.sdk/System/Library/Frameworks/JavaVM.framework/Versions/1.6.0/Headers -fno-rtti -fno-exceptions conftest.c >&5
cc1: warning: command line option "-fno-rtti" is valid for C++/ObjC++ but not for C
configure:8366: $? = 0
configure:8379: result: no
configure:8399: checking for gcc option to produce PIC
configure:8671: result: -fno-common -DPIC
configure:8683: checking if gcc PIC flag -fno-common -DPIC works
configure:8701: gcc -c -g -O2 -I/System/Library/Frameworks/JavaVM.framework/Versions/A/Headers -I/Developer/SDKs/MacOSX10.6.sdk/System/Library/Frameworks/JavaVM.framework/Versions/1.6.0/Headers -fno-common -DPIC -DPIC conftest.c >&5
configure:8705: $? = 0
configure:8718: result: yes
configure:8742: checking if gcc static flag -static works
configure:8770: result: no
configure:8785: checking if gcc supports -c -o file.o
configure:8806: gcc -c -g -O2 -I/System/Library/Frameworks/JavaVM.framework/Versions/A/Headers -I/Developer/SDKs/MacOSX10.6.sdk/System/Library/Frameworks/JavaVM.framework/Versions/1.6.0/Headers -o out/conftest2.o conftest.c >&5
configure:8810: $? = 0
configure:8832: result: yes
configure:8840: checking if gcc supports -c -o file.o
configure:8887: result: yes
configure:8920: checking whether the gcc linker (/usr/libexec/gcc/i686-apple-darwin10/4.2.1/ld) supports shared libraries
configure:9906: result: yes
configure:10145: checking dynamic linker characteristics
configure:10809: result: darwin10.8.0 dyld
configure:10911: checking how to hardcode library paths into programs
configure:10936: result: immediate
configure:11456: checking whether stripping libraries is possible
configure:11470: result: yes
configure:11496: checking if libtool supports shared libraries
configure:11498: result: yes
configure:11501: checking whether to build shared libraries
configure:11522: result: yes
configure:11525: checking whether to build static libraries
configure:11529: result: yes
configure:11679: checking for ld used by g++
configure:11746: result: /usr/libexec/gcc/i686-apple-darwin10/4.2.1/ld
configure:11753: checking if the linker (/usr/libexec/gcc/i686-apple-darwin10/4.2.1/ld) is GNU ld
configure:11768: result: no
configure:11823: checking whether the g++ linker (/usr/libexec/gcc/i686-apple-darwin10/4.2.1/ld) supports shared libraries
configure:12736: result: yes
configure:12764: g++ -c -g -O2 -I/System/Library/Frameworks/JavaVM.framework/Versions/A/Headers -I/Developer/SDKs/MacOSX10.6.sdk/System/Library/Frameworks/JavaVM.framework/Versions/1.6.0/Headers conftest.cpp >&5
configure:12767: $? = 0
configure:12949: checking for g++ option to produce PIC
configure:13266: result: -fno-common -DPIC
configure:13275: checking if g++ PIC flag -fno-common -DPIC works
configure:13293: g++ -c -g -O2 -I/System/Library/Frameworks/JavaVM.framework/Versions/A/Headers -I/Developer/SDKs/MacOSX10.6.sdk/System/Library/Frameworks/JavaVM.framework/Versions/1.6.0/Headers -fno-common -DPIC -DPIC conftest.cpp >&5
configure:13297: $? = 0
configure:13310: result: yes
configure:13331: checking if g++ static flag -static works
configure:13359: result: no
configure:13371: checking if g++ supports -c -o file.o
configure:13392: g++ -c -g -O2 -I/System/Library/Frameworks/JavaVM.framework/Versions/A/Headers -I/Developer/SDKs/MacOSX10.6.sdk/System/Library/Frameworks/JavaVM.framework/Versions/1.6.0/Headers -o out/conftest2.o conftest.cpp >&5
configure:13396: $? = 0
configure:13418: result: yes
configure:13423: checking if g++ supports -c -o file.o
configure:13470: result: yes
configure:13500: checking whether the g++ linker (/usr/libexec/gcc/i686-apple-darwin10/4.2.1/ld) supports shared libraries
configure:13526: result: yes
configure:13663: checking dynamic linker characteristics
configure:14275: result: darwin10.8.0 dyld
configure:14326: checking how to hardcode library paths into programs
configure:14351: result: immediate
configure:14416: checking for main in -lfastbit
configure:14435: g++ -o conftest -g -O2 -I/System/Library/Frameworks/JavaVM.framework/Versions/A/Headers -I/Developer/SDKs/MacOSX10.6.sdk/System/Library/Frameworks/JavaVM.framework/Versions/1.6.0/Headers  conftest.cpp -lfastbit  -L/Users/sunilkalva/server/fastbit-ibis1.3.0//lib >&5
configure:14435: $? = 0
configure:14444: result: yes
configure:14514: WARNING: Could not find junit, tests will not work
configure:14524: checking for stdbool.h that conforms to C99
configure:14609: g++ -c -g -O2 -I/System/Library/Frameworks/JavaVM.framework/Versions/A/Headers -I/Developer/SDKs/MacOSX10.6.sdk/System/Library/Frameworks/JavaVM.framework/Versions/1.6.0/Headers conftest.cpp >&5
configure:14609: $? = 0
configure:14616: result: yes
configure:14618: checking for _Bool
configure:14618: g++ -c -g -O2 -I/System/Library/Frameworks/JavaVM.framework/Versions/A/Headers -I/Developer/SDKs/MacOSX10.6.sdk/System/Library/Frameworks/JavaVM.framework/Versions/1.6.0/Headers conftest.cpp >&5
conftest.cpp: In function 'int main()':
conftest.cpp:59: error: '_Bool' was not declared in this scope
configure:14618: $? = 1
configure: failed program was:
| /* confdefs.h */
| #define PACKAGE_NAME ""
| #define PACKAGE_TARNAME ""
| #define PACKAGE_VERSION ""
| #define PACKAGE_STRING ""
| #define PACKAGE_BUGREPORT ""
| #define PACKAGE_URL ""
| #define PACKAGE "fastbit4java"
| #define VERSION "1.0.0"
| #define STDC_HEADERS 1
| #define HAVE_SYS_TYPES_H 1
| #define HAVE_SYS_STAT_H 1
| #define HAVE_STDLIB_H 1
| #define HAVE_STRING_H 1
| #define HAVE_MEMORY_H 1
| #define HAVE_STRINGS_H 1
| #define HAVE_INTTYPES_H 1
| #define HAVE_STDINT_H 1
| #define HAVE_UNISTD_H 1
| #define HAVE_DLFCN_H 1
| #define LT_OBJDIR ".libs/"
| /* end confdefs.h.  */
| #include <stdio.h>
| #ifdef HAVE_SYS_TYPES_H
| # include <sys/types.h>
| #endif
| #ifdef HAVE_SYS_STAT_H
| # include <sys/stat.h>
| #endif
| #ifdef STDC_HEADERS
| # include <stdlib.h>
| # include <stddef.h>
| #else
| # ifdef HAVE_STDLIB_H
| #  include <stdlib.h>
| # endif
| #endif
| #ifdef HAVE_STRING_H
| # if !defined STDC_HEADERS && defined HAVE_MEMORY_H
| #  include <memory.h>
| # endif
| # include <string.h>
| #endif
| #ifdef HAVE_STRINGS_H
| # include <strings.h>
| #endif
| #ifdef HAVE_INTTYPES_H
| # include <inttypes.h>
| #endif
| #ifdef HAVE_STDINT_H
| # include <stdint.h>
| #endif
| #ifdef HAVE_UNISTD_H
| # include <unistd.h>
| #endif
| int
| main ()
| {
| if (sizeof (_Bool))
| 	 return 0;
|   ;
|   return 0;
| }
configure:14618: result: no
configure:14634: checking for inline
configure:14650: g++ -c -g -O2 -I/System/Library/Frameworks/JavaVM.framework/Versions/A/Headers -I/Developer/SDKs/MacOSX10.6.sdk/System/Library/Frameworks/JavaVM.framework/Versions/1.6.0/Headers conftest.cpp >&5
configure:14650: $? = 0
configure:14658: result: inline
configure:14676: checking for int16_t
configure:14676: g++ -c -g -O2 -I/System/Library/Frameworks/JavaVM.framework/Versions/A/Headers -I/Developer/SDKs/MacOSX10.6.sdk/System/Library/Frameworks/JavaVM.framework/Versions/1.6.0/Headers conftest.cpp >&5
conftest.cpp: In function 'int main()':
conftest.cpp:60: error: types may not be defined in casts
conftest.cpp:60: error: expected primary-expression before 'enum'
conftest.cpp:60: error: expected `)' before 'enum'
conftest.cpp:60: error: expected `]' before ';' token
conftest.cpp:61: error: expected `;' before ')' token
conftest.cpp:62: error: 'test_array' was not declared in this scope
configure:14676: $? = 1
configure: failed program was:
| /* confdefs.h */
| #define PACKAGE_NAME ""
| #define PACKAGE_TARNAME ""
| #define PACKAGE_VERSION ""
| #define PACKAGE_STRING ""
| #define PACKAGE_BUGREPORT ""
| #define PACKAGE_URL ""
| #define PACKAGE "fastbit4java"
| #define VERSION "1.0.0"
| #define STDC_HEADERS 1
| #define HAVE_SYS_TYPES_H 1
| #define HAVE_SYS_STAT_H 1
| #define HAVE_STDLIB_H 1
| #define HAVE_STRING_H 1
| #define HAVE_MEMORY_H 1
| #define HAVE_STRINGS_H 1
| #define HAVE_INTTYPES_H 1
| #define HAVE_STDINT_H 1
| #define HAVE_UNISTD_H 1
| #define HAVE_DLFCN_H 1
| #define LT_OBJDIR ".libs/"
| #define HAVE_STDBOOL_H 1
| /* end confdefs.h.  */
| #include <stdio.h>
| #ifdef HAVE_SYS_TYPES_H
| # include <sys/types.h>
| #endif
| #ifdef HAVE_SYS_STAT_H
| # include <sys/stat.h>
| #endif
| #ifdef STDC_HEADERS
| # include <stdlib.h>
| # include <stddef.h>
| #else
| # ifdef HAVE_STDLIB_H
| #  include <stdlib.h>
| # endif
| #endif
| #ifdef HAVE_STRING_H
| # if !defined STDC_HEADERS && defined HAVE_MEMORY_H
| #  include <memory.h>
| # endif
| # include <string.h>
| #endif
| #ifdef HAVE_STRINGS_H
| # include <strings.h>
| #endif
| #ifdef HAVE_INTTYPES_H
| # include <inttypes.h>
| #endif
| #ifdef HAVE_STDINT_H
| # include <stdint.h>
| #endif
| #ifdef HAVE_UNISTD_H
| # include <unistd.h>
| #endif
| int
| main ()
| {
| static int test_array [1 - 2 * !(enum { N = 16 / 2 - 1 };
| 	     0 < (int16_t) (((((int16_t) 1 << N) << N) - 1) * 2 + 1))];
| test_array [0] = 0
| 
|   ;
|   return 0;
| }
configure:14676: g++ -c -g -O2 -I/System/Library/Frameworks/JavaVM.framework/Versions/A/Headers -I/Developer/SDKs/MacOSX10.6.sdk/System/Library/Frameworks/JavaVM.framework/Versions/1.6.0/Headers conftest.cpp >&5
conftest.cpp: In function 'int main()':
conftest.cpp:60: error: types may not be defined in casts
conftest.cpp:60: error: expected primary-expression before 'enum'
conftest.cpp:60: error: expected `)' before 'enum'
conftest.cpp:60: error: expected `]' before ';' token
conftest.cpp:61: error: expected `;' before ')' token
conftest.cpp:62: error: 'test_array' was not declared in this scope
configure:14676: $? = 1
configure: failed program was:
| /* confdefs.h */
| #define PACKAGE_NAME ""
| #define PACKAGE_TARNAME ""
| #define PACKAGE_VERSION ""
| #define PACKAGE_STRING ""
| #define PACKAGE_BUGREPORT ""
| #define PACKAGE_URL ""
| #define PACKAGE "fastbit4java"
| #define VERSION "1.0.0"
| #define STDC_HEADERS 1
| #define HAVE_SYS_TYPES_H 1
| #define HAVE_SYS_STAT_H 1
| #define HAVE_STDLIB_H 1
| #define HAVE_STRING_H 1
| #define HAVE_MEMORY_H 1
| #define HAVE_STRINGS_H 1
| #define HAVE_INTTYPES_H 1
| #define HAVE_STDINT_H 1
| #define HAVE_UNISTD_H 1
| #define HAVE_DLFCN_H 1
| #define LT_OBJDIR ".libs/"
| #define HAVE_STDBOOL_H 1
| /* end confdefs.h.  */
| #include <stdio.h>
| #ifdef HAVE_SYS_TYPES_H
| # include <sys/types.h>
| #endif
| #ifdef HAVE_SYS_STAT_H
| # include <sys/stat.h>
| #endif
| #ifdef STDC_HEADERS
| # include <stdlib.h>
| # include <stddef.h>
| #else
| # ifdef HAVE_STDLIB_H
| #  include <stdlib.h>
| # endif
| #endif
| #ifdef HAVE_STRING_H
| # if !defined STDC_HEADERS && defined HAVE_MEMORY_H
| #  include <memory.h>
| # endif
| # include <string.h>
| #endif
| #ifdef HAVE_STRINGS_H
| # include <strings.h>
| #endif
| #ifdef HAVE_INTTYPES_H
| # include <inttypes.h>
| #endif
| #ifdef HAVE_STDINT_H
| # include <stdint.h>
| #endif
| #ifdef HAVE_UNISTD_H
| # include <unistd.h>
| #endif
| int
| main ()
| {
| static int test_array [1 - 2 * !(enum { N = 16 / 2 - 1 };
| 	     0 < (int) (((((int) 1 << N) << N) - 1) * 2 + 1))];
| test_array [0] = 0
| 
|   ;
|   return 0;
| }
configure:14676: g++ -c -g -O2 -I/System/Library/Frameworks/JavaVM.framework/Versions/A/Headers -I/Developer/SDKs/MacOSX10.6.sdk/System/Library/Frameworks/JavaVM.framework/Versions/1.6.0/Headers conftest.cpp >&5
conftest.cpp: In function 'int main()':
conftest.cpp:60: error: types may not be defined in casts
conftest.cpp:60: error: expected primary-expression before 'enum'
conftest.cpp:60: error: expected `)' before 'enum'
conftest.cpp:60: error: expected `]' before ';' token
conftest.cpp:61: error: expected `;' before ')' token
conftest.cpp:62: error: 'test_array' was not declared in this scope
configure:14676: $? = 1
configure: failed program was:
| /* confdefs.h */
| #define PACKAGE_NAME ""
| #define PACKAGE_TARNAME ""
| #define PACKAGE_VERSION ""
| #define PACKAGE_STRING ""
| #define PACKAGE_BUGREPORT ""
| #define PACKAGE_URL ""
| #define PACKAGE "fastbit4java"
| #define VERSION "1.0.0"
| #define STDC_HEADERS 1
| #define HAVE_SYS_TYPES_H 1
| #define HAVE_SYS_STAT_H 1
| #define HAVE_STDLIB_H 1
| #define HAVE_STRING_H 1
| #define HAVE_MEMORY_H 1
| #define HAVE_STRINGS_H 1
| #define HAVE_INTTYPES_H 1
| #define HAVE_STDINT_H 1
| #define HAVE_UNISTD_H 1
| #define HAVE_DLFCN_H 1
| #define LT_OBJDIR ".libs/"
| #define HAVE_STDBOOL_H 1
| /* end confdefs.h.  */
| #include <stdio.h>
| #ifdef HAVE_SYS_TYPES_H
| # include <sys/types.h>
| #endif
| #ifdef HAVE_SYS_STAT_H
| # include <sys/stat.h>
| #endif
| #ifdef STDC_HEADERS
| # include <stdlib.h>
| # include <stddef.h>
| #else
| # ifdef HAVE_STDLIB_H
| #  include <stdlib.h>
| # endif
| #endif
| #ifdef HAVE_STRING_H
| # if !defined STDC_HEADERS && defined HAVE_MEMORY_H
| #  include <memory.h>
| # endif
| # include <string.h>
| #endif
| #ifdef HAVE_STRINGS_H
| # include <strings.h>
| #endif
| #ifdef HAVE_INTTYPES_H
| # include <inttypes.h>
| #endif
| #ifdef HAVE_STDINT_H
| # include <stdint.h>
| #endif
| #ifdef HAVE_UNISTD_H
| # include <unistd.h>
| #endif
| int
| main ()
| {
| static int test_array [1 - 2 * !(enum { N = 16 / 2 - 1 };
| 	     0 < (long int) (((((long int) 1 << N) << N) - 1) * 2 + 1))];
| test_array [0] = 0
| 
|   ;
|   return 0;
| }
configure:14676: g++ -c -g -O2 -I/System/Library/Frameworks/JavaVM.framework/Versions/A/Headers -I/Developer/SDKs/MacOSX10.6.sdk/System/Library/Frameworks/JavaVM.framework/Versions/1.6.0/Headers conftest.cpp >&5
conftest.cpp: In function 'int main()':
conftest.cpp:60: error: types may not be defined in casts
conftest.cpp:60: error: expected primary-expression before 'enum'
conftest.cpp:60: error: expected `)' before 'enum'
conftest.cpp:60: error: expected `]' before ';' token
conftest.cpp:61: error: expected `;' before ')' token
conftest.cpp:62: error: 'test_array' was not declared in this scope
configure:14676: $? = 1
configure: failed program was:
| /* confdefs.h */
| #define PACKAGE_NAME ""
| #define PACKAGE_TARNAME ""
| #define PACKAGE_VERSION ""
| #define PACKAGE_STRING ""
| #define PACKAGE_BUGREPORT ""
| #define PACKAGE_URL ""
| #define PACKAGE "fastbit4java"
| #define VERSION "1.0.0"
| #define STDC_HEADERS 1
| #define HAVE_SYS_TYPES_H 1
| #define HAVE_SYS_STAT_H 1
| #define HAVE_STDLIB_H 1
| #define HAVE_STRING_H 1
| #define HAVE_MEMORY_H 1
| #define HAVE_STRINGS_H 1
| #define HAVE_INTTYPES_H 1
| #define HAVE_STDINT_H 1
| #define HAVE_UNISTD_H 1
| #define HAVE_DLFCN_H 1
| #define LT_OBJDIR ".libs/"
| #define HAVE_STDBOOL_H 1
| /* end confdefs.h.  */
| #include <stdio.h>
| #ifdef HAVE_SYS_TYPES_H
| # include <sys/types.h>
| #endif
| #ifdef HAVE_SYS_STAT_H
| # include <sys/stat.h>
| #endif
| #ifdef STDC_HEADERS
| # include <stdlib.h>
| # include <stddef.h>
| #else
| # ifdef HAVE_STDLIB_H
| #  include <stdlib.h>
| # endif
| #endif
| #ifdef HAVE_STRING_H
| # if !defined STDC_HEADERS && defined HAVE_MEMORY_H
| #  include <memory.h>
| # endif
| # include <string.h>
| #endif
| #ifdef HAVE_STRINGS_H
| # include <strings.h>
| #endif
| #ifdef HAVE_INTTYPES_H
| # include <inttypes.h>
| #endif
| #ifdef HAVE_STDINT_H
| # include <stdint.h>
| #endif
| #ifdef HAVE_UNISTD_H
| # include <unistd.h>
| #endif
| int
| main ()
| {
| static int test_array [1 - 2 * !(enum { N = 16 / 2 - 1 };
| 	     0 < (long long int) (((((long long int) 1 << N) << N) - 1) * 2 + 1))];
| test_array [0] = 0
| 
|   ;
|   return 0;
| }
configure:14676: g++ -c -g -O2 -I/System/Library/Frameworks/JavaVM.framework/Versions/A/Headers -I/Developer/SDKs/MacOSX10.6.sdk/System/Library/Frameworks/JavaVM.framework/Versions/1.6.0/Headers conftest.cpp >&5
conftest.cpp: In function 'int main()':
conftest.cpp:60: error: types may not be defined in casts
conftest.cpp:60: error: expected primary-expression before 'enum'
conftest.cpp:60: error: expected `)' before 'enum'
conftest.cpp:60: error: expected `]' before ';' token
conftest.cpp:61: error: expected `;' before ')' token
conftest.cpp:62: error: 'test_array' was not declared in this scope
configure:14676: $? = 1
configure: failed program was:
| /* confdefs.h */
| #define PACKAGE_NAME ""
| #define PACKAGE_TARNAME ""
| #define PACKAGE_VERSION ""
| #define PACKAGE_STRING ""
| #define PACKAGE_BUGREPORT ""
| #define PACKAGE_URL ""
| #define PACKAGE "fastbit4java"
| #define VERSION "1.0.0"
| #define STDC_HEADERS 1
| #define HAVE_SYS_TYPES_H 1
| #define HAVE_SYS_STAT_H 1
| #define HAVE_STDLIB_H 1
| #define HAVE_STRING_H 1
| #define HAVE_MEMORY_H 1
| #define HAVE_STRINGS_H 1
| #define HAVE_INTTYPES_H 1
| #define HAVE_STDINT_H 1
| #define HAVE_UNISTD_H 1
| #define HAVE_DLFCN_H 1
| #define LT_OBJDIR ".libs/"
| #define HAVE_STDBOOL_H 1
| /* end confdefs.h.  */
| #include <stdio.h>
| #ifdef HAVE_SYS_TYPES_H
| # include <sys/types.h>
| #endif
| #ifdef HAVE_SYS_STAT_H
| # include <sys/stat.h>
| #endif
| #ifdef STDC_HEADERS
| # include <stdlib.h>
| # include <stddef.h>
| #else
| # ifdef HAVE_STDLIB_H
| #  include <stdlib.h>
| # endif
| #endif
| #ifdef HAVE_STRING_H
| # if !defined STDC_HEADERS && defined HAVE_MEMORY_H
| #  include <memory.h>
| # endif
| # include <string.h>
| #endif
| #ifdef HAVE_STRINGS_H
| # include <strings.h>
| #endif
| #ifdef HAVE_INTTYPES_H
| # include <inttypes.h>
| #endif
| #ifdef HAVE_STDINT_H
| # include <stdint.h>
| #endif
| #ifdef HAVE_UNISTD_H
| # include <unistd.h>
| #endif
| int
| main ()
| {
| static int test_array [1 - 2 * !(enum { N = 16 / 2 - 1 };
| 	     0 < (short int) (((((short int) 1 << N) << N) - 1) * 2 + 1))];
| test_array [0] = 0
| 
|   ;
|   return 0;
| }
configure:14676: g++ -c -g -O2 -I/System/Library/Frameworks/JavaVM.framework/Versions/A/Headers -I/Developer/SDKs/MacOSX10.6.sdk/System/Library/Frameworks/JavaVM.framework/Versions/1.6.0/Headers conftest.cpp >&5
conftest.cpp: In function 'int main()':
conftest.cpp:60: error: types may not be defined in casts
conftest.cpp:60: error: expected primary-expression before 'enum'
conftest.cpp:60: error: expected `)' before 'enum'
conftest.cpp:60: error: expected `]' before ';' token
conftest.cpp:61: error: expected `;' before ')' token
conftest.cpp:62: error: 'test_array' was not declared in this scope
configure:14676: $? = 1
configure: failed program was:
| /* confdefs.h */
| #define PACKAGE_NAME ""
| #define PACKAGE_TARNAME ""
| #define PACKAGE_VERSION ""
| #define PACKAGE_STRING ""
| #define PACKAGE_BUGREPORT ""
| #define PACKAGE_URL ""
| #define PACKAGE "fastbit4java"
| #define VERSION "1.0.0"
| #define STDC_HEADERS 1
| #define HAVE_SYS_TYPES_H 1
| #define HAVE_SYS_STAT_H 1
| #define HAVE_STDLIB_H 1
| #define HAVE_STRING_H 1
| #define HAVE_MEMORY_H 1
| #define HAVE_STRINGS_H 1
| #define HAVE_INTTYPES_H 1
| #define HAVE_STDINT_H 1
| #define HAVE_UNISTD_H 1
| #define HAVE_DLFCN_H 1
| #define LT_OBJDIR ".libs/"
| #define HAVE_STDBOOL_H 1
| /* end confdefs.h.  */
| #include <stdio.h>
| #ifdef HAVE_SYS_TYPES_H
| # include <sys/types.h>
| #endif
| #ifdef HAVE_SYS_STAT_H
| # include <sys/stat.h>
| #endif
| #ifdef STDC_HEADERS
| # include <stdlib.h>
| # include <stddef.h>
| #else
| # ifdef HAVE_STDLIB_H
| #  include <stdlib.h>
| # endif
| #endif
| #ifdef HAVE_STRING_H
| # if !defined STDC_HEADERS && defined HAVE_MEMORY_H
| #  include <memory.h>
| # endif
| # include <string.h>
| #endif
| #ifdef HAVE_STRINGS_H
| # include <strings.h>
| #endif
| #ifdef HAVE_INTTYPES_H
| # include <inttypes.h>
| #endif
| #ifdef HAVE_STDINT_H
| # include <stdint.h>
| #endif
| #ifdef HAVE_UNISTD_H
| # include <unistd.h>
| #endif
| int
| main ()
| {
| static int test_array [1 - 2 * !(enum { N = 16 / 2 - 1 };
| 	     0 < (signed char) (((((signed char) 1 << N) << N) - 1) * 2 + 1))];
| test_array [0] = 0
| 
|   ;
|   return 0;
| }
configure:14676: result: no
configure:14687: checking for int32_t
configure:14687: g++ -c -g -O2 -I/System/Library/Frameworks/JavaVM.framework/Versions/A/Headers -I/Developer/SDKs/MacOSX10.6.sdk/System/Library/Frameworks/JavaVM.framework/Versions/1.6.0/Headers conftest.cpp >&5
conftest.cpp: In function 'int main()':
conftest.cpp:60: error: types may not be defined in casts
conftest.cpp:60: error: expected primary-expression before 'enum'
conftest.cpp:60: error: expected `)' before 'enum'
conftest.cpp:60: error: expected `]' before ';' token
conftest.cpp:61: error: expected `;' before ')' token
conftest.cpp:62: error: 'test_array' was not declared in this scope
configure:14687: $? = 1
configure: failed program was:
| /* confdefs.h */
| #define PACKAGE_NAME ""
| #define PACKAGE_TARNAME ""
| #define PACKAGE_VERSION ""
| #define PACKAGE_STRING ""
| #define PACKAGE_BUGREPORT ""
| #define PACKAGE_URL ""
| #define PACKAGE "fastbit4java"
| #define VERSION "1.0.0"
| #define STDC_HEADERS 1
| #define HAVE_SYS_TYPES_H 1
| #define HAVE_SYS_STAT_H 1
| #define HAVE_STDLIB_H 1
| #define HAVE_STRING_H 1
| #define HAVE_MEMORY_H 1
| #define HAVE_STRINGS_H 1
| #define HAVE_INTTYPES_H 1
| #define HAVE_STDINT_H 1
| #define HAVE_UNISTD_H 1
| #define HAVE_DLFCN_H 1
| #define LT_OBJDIR ".libs/"
| #define HAVE_STDBOOL_H 1
| /* end confdefs.h.  */
| #include <stdio.h>
| #ifdef HAVE_SYS_TYPES_H
| # include <sys/types.h>
| #endif
| #ifdef HAVE_SYS_STAT_H
| # include <sys/stat.h>
| #endif
| #ifdef STDC_HEADERS
| # include <stdlib.h>
| # include <stddef.h>
| #else
| # ifdef HAVE_STDLIB_H
| #  include <stdlib.h>
| # endif
| #endif
| #ifdef HAVE_STRING_H
| # if !defined STDC_HEADERS && defined HAVE_MEMORY_H
| #  include <memory.h>
| # endif
| # include <string.h>
| #endif
| #ifdef HAVE_STRINGS_H
| # include <strings.h>
| #endif
| #ifdef HAVE_INTTYPES_H
| # include <inttypes.h>
| #endif
| #ifdef HAVE_STDINT_H
| # include <stdint.h>
| #endif
| #ifdef HAVE_UNISTD_H
| # include <unistd.h>
| #endif
| int
| main ()
| {
| static int test_array [1 - 2 * !(enum { N = 32 / 2 - 1 };
| 	     0 < (int32_t) (((((int32_t) 1 << N) << N) - 1) * 2 + 1))];
| test_array [0] = 0
| 
|   ;
|   return 0;
| }
configure:14687: g++ -c -g -O2 -I/System/Library/Frameworks/JavaVM.framework/Versions/A/Headers -I/Developer/SDKs/MacOSX10.6.sdk/System/Library/Frameworks/JavaVM.framework/Versions/1.6.0/Headers conftest.cpp >&5
conftest.cpp: In function 'int main()':
conftest.cpp:60: error: types may not be defined in casts
conftest.cpp:60: error: expected primary-expression before 'enum'
conftest.cpp:60: error: expected `)' before 'enum'
conftest.cpp:60: error: expected `]' before ';' token
conftest.cpp:61: error: expected `;' before ')' token
conftest.cpp:62: error: 'test_array' was not declared in this scope
configure:14687: $? = 1
configure: failed program was:
| /* confdefs.h */
| #define PACKAGE_NAME ""
| #define PACKAGE_TARNAME ""
| #define PACKAGE_VERSION ""
| #define PACKAGE_STRING ""
| #define PACKAGE_BUGREPORT ""
| #define PACKAGE_URL ""
| #define PACKAGE "fastbit4java"
| #define VERSION "1.0.0"
| #define STDC_HEADERS 1
| #define HAVE_SYS_TYPES_H 1
| #define HAVE_SYS_STAT_H 1
| #define HAVE_STDLIB_H 1
| #define HAVE_STRING_H 1
| #define HAVE_MEMORY_H 1
| #define HAVE_STRINGS_H 1
| #define HAVE_INTTYPES_H 1
| #define HAVE_STDINT_H 1
| #define HAVE_UNISTD_H 1
| #define HAVE_DLFCN_H 1
| #define LT_OBJDIR ".libs/"
| #define HAVE_STDBOOL_H 1
| /* end confdefs.h.  */
| #include <stdio.h>
| #ifdef HAVE_SYS_TYPES_H
| # include <sys/types.h>
| #endif
| #ifdef HAVE_SYS_STAT_H
| # include <sys/stat.h>
| #endif
| #ifdef STDC_HEADERS
| # include <stdlib.h>
| # include <stddef.h>
| #else
| # ifdef HAVE_STDLIB_H
| #  include <stdlib.h>
| # endif
| #endif
| #ifdef HAVE_STRING_H
| # if !defined STDC_HEADERS && defined HAVE_MEMORY_H
| #  include <memory.h>
| # endif
| # include <string.h>
| #endif
| #ifdef HAVE_STRINGS_H
| # include <strings.h>
| #endif
| #ifdef HAVE_INTTYPES_H
| # include <inttypes.h>
| #endif
| #ifdef HAVE_STDINT_H
| # include <stdint.h>
| #endif
| #ifdef HAVE_UNISTD_H
| # include <unistd.h>
| #endif
| int
| main ()
| {
| static int test_array [1 - 2 * !(enum { N = 32 / 2 - 1 };
| 	     0 < (int) (((((int) 1 << N) << N) - 1) * 2 + 1))];
| test_array [0] = 0
| 
|   ;
|   return 0;
| }
configure:14687: g++ -c -g -O2 -I/System/Library/Frameworks/JavaVM.framework/Versions/A/Headers -I/Developer/SDKs/MacOSX10.6.sdk/System/Library/Frameworks/JavaVM.framework/Versions/1.6.0/Headers conftest.cpp >&5
conftest.cpp: In function 'int main()':
conftest.cpp:60: error: types may not be defined in casts
conftest.cpp:60: error: expected primary-expression before 'enum'
conftest.cpp:60: error: expected `)' before 'enum'
conftest.cpp:60: error: expected `]' before ';' token
conftest.cpp:61: error: expected `;' before ')' token
conftest.cpp:62: error: 'test_array' was not declared in this scope
configure:14687: $? = 1
configure: failed program was:
| /* confdefs.h */
| #define PACKAGE_NAME ""
| #define PACKAGE_TARNAME ""
| #define PACKAGE_VERSION ""
| #define PACKAGE_STRING ""
| #define PACKAGE_BUGREPORT ""
| #define PACKAGE_URL ""
| #define PACKAGE "fastbit4java"
| #define VERSION "1.0.0"
| #define STDC_HEADERS 1
| #define HAVE_SYS_TYPES_H 1
| #define HAVE_SYS_STAT_H 1
| #define HAVE_STDLIB_H 1
| #define HAVE_STRING_H 1
| #define HAVE_MEMORY_H 1
| #define HAVE_STRINGS_H 1
| #define HAVE_INTTYPES_H 1
| #define HAVE_STDINT_H 1
| #define HAVE_UNISTD_H 1
| #define HAVE_DLFCN_H 1
| #define LT_OBJDIR ".libs/"
| #define HAVE_STDBOOL_H 1
| /* end confdefs.h.  */
| #include <stdio.h>
| #ifdef HAVE_SYS_TYPES_H
| # include <sys/types.h>
| #endif
| #ifdef HAVE_SYS_STAT_H
| # include <sys/stat.h>
| #endif
| #ifdef STDC_HEADERS
| # include <stdlib.h>
| # include <stddef.h>
| #else
| # ifdef HAVE_STDLIB_H
| #  include <stdlib.h>
| # endif
| #endif
| #ifdef HAVE_STRING_H
| # if !defined STDC_HEADERS && defined HAVE_MEMORY_H
| #  include <memory.h>
| # endif
| # include <string.h>
| #endif
| #ifdef HAVE_STRINGS_H
| # include <strings.h>
| #endif
| #ifdef HAVE_INTTYPES_H
| # include <inttypes.h>
| #endif
| #ifdef HAVE_STDINT_H
| # include <stdint.h>
| #endif
| #ifdef HAVE_UNISTD_H
| # include <unistd.h>
| #endif
| int
| main ()
| {
| static int test_array [1 - 2 * !(enum { N = 32 / 2 - 1 };
| 	     0 < (long int) (((((long int) 1 << N) << N) - 1) * 2 + 1))];
| test_array [0] = 0
| 
|   ;
|   return 0;
| }
configure:14687: g++ -c -g -O2 -I/System/Library/Frameworks/JavaVM.framework/Versions/A/Headers -I/Developer/SDKs/MacOSX10.6.sdk/System/Library/Frameworks/JavaVM.framework/Versions/1.6.0/Headers conftest.cpp >&5
conftest.cpp: In function 'int main()':
conftest.cpp:60: error: types may not be defined in casts
conftest.cpp:60: error: expected primary-expression before 'enum'
conftest.cpp:60: error: expected `)' before 'enum'
conftest.cpp:60: error: expected `]' before ';' token
conftest.cpp:61: error: expected `;' before ')' token
conftest.cpp:62: error: 'test_array' was not declared in this scope
configure:14687: $? = 1
configure: failed program was:
| /* confdefs.h */
| #define PACKAGE_NAME ""
| #define PACKAGE_TARNAME ""
| #define PACKAGE_VERSION ""
| #define PACKAGE_STRING ""
| #define PACKAGE_BUGREPORT ""
| #define PACKAGE_URL ""
| #define PACKAGE "fastbit4java"
| #define VERSION "1.0.0"
| #define STDC_HEADERS 1
| #define HAVE_SYS_TYPES_H 1
| #define HAVE_SYS_STAT_H 1
| #define HAVE_STDLIB_H 1
| #define HAVE_STRING_H 1
| #define HAVE_MEMORY_H 1
| #define HAVE_STRINGS_H 1
| #define HAVE_INTTYPES_H 1
| #define HAVE_STDINT_H 1
| #define HAVE_UNISTD_H 1
| #define HAVE_DLFCN_H 1
| #define LT_OBJDIR ".libs/"
| #define HAVE_STDBOOL_H 1
| /* end confdefs.h.  */
| #include <stdio.h>
| #ifdef HAVE_SYS_TYPES_H
| # include <sys/types.h>
| #endif
| #ifdef HAVE_SYS_STAT_H
| # include <sys/stat.h>
| #endif
| #ifdef STDC_HEADERS
| # include <stdlib.h>
| # include <stddef.h>
| #else
| # ifdef HAVE_STDLIB_H
| #  include <stdlib.h>
| # endif
| #endif
| #ifdef HAVE_STRING_H
| # if !defined STDC_HEADERS && defined HAVE_MEMORY_H
| #  include <memory.h>
| # endif
| # include <string.h>
| #endif
| #ifdef HAVE_STRINGS_H
| # include <strings.h>
| #endif
| #ifdef HAVE_INTTYPES_H
| # include <inttypes.h>
| #endif
| #ifdef HAVE_STDINT_H
| # include <stdint.h>
| #endif
| #ifdef HAVE_UNISTD_H
| # include <unistd.h>
| #endif
| int
| main ()
| {
| static int test_array [1 - 2 * !(enum { N = 32 / 2 - 1 };
| 	     0 < (long long int) (((((long long int) 1 << N) << N) - 1) * 2 + 1))];
| test_array [0] = 0
| 
|   ;
|   return 0;
| }
configure:14687: g++ -c -g -O2 -I/System/Library/Frameworks/JavaVM.framework/Versions/A/Headers -I/Developer/SDKs/MacOSX10.6.sdk/System/Library/Frameworks/JavaVM.framework/Versions/1.6.0/Headers conftest.cpp >&5
conftest.cpp: In function 'int main()':
conftest.cpp:60: error: types may not be defined in casts
conftest.cpp:60: error: expected primary-expression before 'enum'
conftest.cpp:60: error: expected `)' before 'enum'
conftest.cpp:60: error: expected `]' before ';' token
conftest.cpp:61: error: expected `;' before ')' token
conftest.cpp:62: error: 'test_array' was not declared in this scope
configure:14687: $? = 1
configure: failed program was:
| /* confdefs.h */
| #define PACKAGE_NAME ""
| #define PACKAGE_TARNAME ""
| #define PACKAGE_VERSION ""
| #define PACKAGE_STRING ""
| #define PACKAGE_BUGREPORT ""
| #define PACKAGE_URL ""
| #define PACKAGE "fastbit4java"
| #define VERSION "1.0.0"
| #define STDC_HEADERS 1
| #define HAVE_SYS_TYPES_H 1
| #define HAVE_SYS_STAT_H 1
| #define HAVE_STDLIB_H 1
| #define HAVE_STRING_H 1
| #define HAVE_MEMORY_H 1
| #define HAVE_STRINGS_H 1
| #define HAVE_INTTYPES_H 1
| #define HAVE_STDINT_H 1
| #define HAVE_UNISTD_H 1
| #define HAVE_DLFCN_H 1
| #define LT_OBJDIR ".libs/"
| #define HAVE_STDBOOL_H 1
| /* end confdefs.h.  */
| #include <stdio.h>
| #ifdef HAVE_SYS_TYPES_H
| # include <sys/types.h>
| #endif
| #ifdef HAVE_SYS_STAT_H
| # include <sys/stat.h>
| #endif
| #ifdef STDC_HEADERS
| # include <stdlib.h>
| # include <stddef.h>
| #else
| # ifdef HAVE_STDLIB_H
| #  include <stdlib.h>
| # endif
| #endif
| #ifdef HAVE_STRING_H
| # if !defined STDC_HEADERS && defined HAVE_MEMORY_H
| #  include <memory.h>
| # endif
| # include <string.h>
| #endif
| #ifdef HAVE_STRINGS_H
| # include <strings.h>
| #endif
| #ifdef HAVE_INTTYPES_H
| # include <inttypes.h>
| #endif
| #ifdef HAVE_STDINT_H
| # include <stdint.h>
| #endif
| #ifdef HAVE_UNISTD_H
| # include <unistd.h>
| #endif
| int
| main ()
| {
| static int test_array [1 - 2 * !(enum { N = 32 / 2 - 1 };
| 	     0 < (short int) (((((short int) 1 << N) << N) - 1) * 2 + 1))];
| test_array [0] = 0
| 
|   ;
|   return 0;
| }
configure:14687: g++ -c -g -O2 -I/System/Library/Frameworks/JavaVM.framework/Versions/A/Headers -I/Developer/SDKs/MacOSX10.6.sdk/System/Library/Frameworks/JavaVM.framework/Versions/1.6.0/Headers conftest.cpp >&5
conftest.cpp: In function 'int main()':
conftest.cpp:60: error: types may not be defined in casts
conftest.cpp:60: error: expected primary-expression before 'enum'
conftest.cpp:60: error: expected `)' before 'enum'
conftest.cpp:60: error: expected `]' before ';' token
conftest.cpp:61: error: expected `;' before ')' token
conftest.cpp:62: error: 'test_array' was not declared in this scope
configure:14687: $? = 1
configure: failed program was:
| /* confdefs.h */
| #define PACKAGE_NAME ""
| #define PACKAGE_TARNAME ""
| #define PACKAGE_VERSION ""
| #define PACKAGE_STRING ""
| #define PACKAGE_BUGREPORT ""
| #define PACKAGE_URL ""
| #define PACKAGE "fastbit4java"
| #define VERSION "1.0.0"
| #define STDC_HEADERS 1
| #define HAVE_SYS_TYPES_H 1
| #define HAVE_SYS_STAT_H 1
| #define HAVE_STDLIB_H 1
| #define HAVE_STRING_H 1
| #define HAVE_MEMORY_H 1
| #define HAVE_STRINGS_H 1
| #define HAVE_INTTYPES_H 1
| #define HAVE_STDINT_H 1
| #define HAVE_UNISTD_H 1
| #define HAVE_DLFCN_H 1
| #define LT_OBJDIR ".libs/"
| #define HAVE_STDBOOL_H 1
| /* end confdefs.h.  */
| #include <stdio.h>
| #ifdef HAVE_SYS_TYPES_H
| # include <sys/types.h>
| #endif
| #ifdef HAVE_SYS_STAT_H
| # include <sys/stat.h>
| #endif
| #ifdef STDC_HEADERS
| # include <stdlib.h>
| # include <stddef.h>
| #else
| # ifdef HAVE_STDLIB_H
| #  include <stdlib.h>
| # endif
| #endif
| #ifdef HAVE_STRING_H
| # if !defined STDC_HEADERS && defined HAVE_MEMORY_H
| #  include <memory.h>
| # endif
| # include <string.h>
| #endif
| #ifdef HAVE_STRINGS_H
| # include <strings.h>
| #endif
| #ifdef HAVE_INTTYPES_H
| # include <inttypes.h>
| #endif
| #ifdef HAVE_STDINT_H
| # include <stdint.h>
| #endif
| #ifdef HAVE_UNISTD_H
| # include <unistd.h>
| #endif
| int
| main ()
| {
| static int test_array [1 - 2 * !(enum { N = 32 / 2 - 1 };
| 	     0 < (signed char) (((((signed char) 1 << N) << N) - 1) * 2 + 1))];
| test_array [0] = 0
| 
|   ;
|   return 0;
| }
configure:14687: result: no
configure:14698: checking for int64_t
configure:14698: g++ -c -g -O2 -I/System/Library/Frameworks/JavaVM.framework/Versions/A/Headers -I/Developer/SDKs/MacOSX10.6.sdk/System/Library/Frameworks/JavaVM.framework/Versions/1.6.0/Headers conftest.cpp >&5
conftest.cpp: In function 'int main()':
conftest.cpp:60: error: types may not be defined in casts
conftest.cpp:60: error: expected primary-expression before 'enum'
conftest.cpp:60: error: expected `)' before 'enum'
conftest.cpp:60: error: expected `]' before ';' token
conftest.cpp:61: error: expected `;' before ')' token
conftest.cpp:62: error: 'test_array' was not declared in this scope
configure:14698: $? = 1
configure: failed program was:
| /* confdefs.h */
| #define PACKAGE_NAME ""
| #define PACKAGE_TARNAME ""
| #define PACKAGE_VERSION ""
| #define PACKAGE_STRING ""
| #define PACKAGE_BUGREPORT ""
| #define PACKAGE_URL ""
| #define PACKAGE "fastbit4java"
| #define VERSION "1.0.0"
| #define STDC_HEADERS 1
| #define HAVE_SYS_TYPES_H 1
| #define HAVE_SYS_STAT_H 1
| #define HAVE_STDLIB_H 1
| #define HAVE_STRING_H 1
| #define HAVE_MEMORY_H 1
| #define HAVE_STRINGS_H 1
| #define HAVE_INTTYPES_H 1
| #define HAVE_STDINT_H 1
| #define HAVE_UNISTD_H 1
| #define HAVE_DLFCN_H 1
| #define LT_OBJDIR ".libs/"
| #define HAVE_STDBOOL_H 1
| /* end confdefs.h.  */
| #include <stdio.h>
| #ifdef HAVE_SYS_TYPES_H
| # include <sys/types.h>
| #endif
| #ifdef HAVE_SYS_STAT_H
| # include <sys/stat.h>
| #endif
| #ifdef STDC_HEADERS
| # include <stdlib.h>
| # include <stddef.h>
| #else
| # ifdef HAVE_STDLIB_H
| #  include <stdlib.h>
| # endif
| #endif
| #ifdef HAVE_STRING_H
| # if !defined STDC_HEADERS && defined HAVE_MEMORY_H
| #  include <memory.h>
| # endif
| # include <string.h>
| #endif
| #ifdef HAVE_STRINGS_H
| # include <strings.h>
| #endif
| #ifdef HAVE_INTTYPES_H
| # include <inttypes.h>
| #endif
| #ifdef HAVE_STDINT_H
| # include <stdint.h>
| #endif
| #ifdef HAVE_UNISTD_H
| # include <unistd.h>
| #endif
| int
| main ()
| {
| static int test_array [1 - 2 * !(enum { N = 64 / 2 - 1 };
| 	     0 < (int64_t) (((((int64_t) 1 << N) << N) - 1) * 2 + 1))];
| test_array [0] = 0
| 
|   ;
|   return 0;
| }
configure:14698: g++ -c -g -O2 -I/System/Library/Frameworks/JavaVM.framework/Versions/A/Headers -I/Developer/SDKs/MacOSX10.6.sdk/System/Library/Frameworks/JavaVM.framework/Versions/1.6.0/Headers conftest.cpp >&5
conftest.cpp: In function 'int main()':
conftest.cpp:60: error: types may not be defined in casts
conftest.cpp:60: error: expected primary-expression before 'enum'
conftest.cpp:60: error: expected `)' before 'enum'
conftest.cpp:60: error: expected `]' before ';' token
conftest.cpp:61: error: expected `;' before ')' token
conftest.cpp:62: error: 'test_array' was not declared in this scope
configure:14698: $? = 1
configure: failed program was:
| /* confdefs.h */
| #define PACKAGE_NAME ""
| #define PACKAGE_TARNAME ""
| #define PACKAGE_VERSION ""
| #define PACKAGE_STRING ""
| #define PACKAGE_BUGREPORT ""
| #define PACKAGE_URL ""
| #define PACKAGE "fastbit4java"
| #define VERSION "1.0.0"
| #define STDC_HEADERS 1
| #define HAVE_SYS_TYPES_H 1
| #define HAVE_SYS_STAT_H 1
| #define HAVE_STDLIB_H 1
| #define HAVE_STRING_H 1
| #define HAVE_MEMORY_H 1
| #define HAVE_STRINGS_H 1
| #define HAVE_INTTYPES_H 1
| #define HAVE_STDINT_H 1
| #define HAVE_UNISTD_H 1
| #define HAVE_DLFCN_H 1
| #define LT_OBJDIR ".libs/"
| #define HAVE_STDBOOL_H 1
| /* end confdefs.h.  */
| #include <stdio.h>
| #ifdef HAVE_SYS_TYPES_H
| # include <sys/types.h>
| #endif
| #ifdef HAVE_SYS_STAT_H
| # include <sys/stat.h>
| #endif
| #ifdef STDC_HEADERS
| # include <stdlib.h>
| # include <stddef.h>
| #else
| # ifdef HAVE_STDLIB_H
| #  include <stdlib.h>
| # endif
| #endif
| #ifdef HAVE_STRING_H
| # if !defined STDC_HEADERS && defined HAVE_MEMORY_H
| #  include <memory.h>
| # endif
| # include <string.h>
| #endif
| #ifdef HAVE_STRINGS_H
| # include <strings.h>
| #endif
| #ifdef HAVE_INTTYPES_H
| # include <inttypes.h>
| #endif
| #ifdef HAVE_STDINT_H
| # include <stdint.h>
| #endif
| #ifdef HAVE_UNISTD_H
| # include <unistd.h>
| #endif
| int
| main ()
| {
| static int test_array [1 - 2 * !(enum { N = 64 / 2 - 1 };
| 	     0 < (int) (((((int) 1 << N) << N) - 1) * 2 + 1))];
| test_array [0] = 0
| 
|   ;
|   return 0;
| }
configure:14698: g++ -c -g -O2 -I/System/Library/Frameworks/JavaVM.framework/Versions/A/Headers -I/Developer/SDKs/MacOSX10.6.sdk/System/Library/Frameworks/JavaVM.framework/Versions/1.6.0/Headers conftest.cpp >&5
conftest.cpp: In function 'int main()':
conftest.cpp:60: error: types may not be defined in casts
conftest.cpp:60: error: expected primary-expression before 'enum'
conftest.cpp:60: error: expected `)' before 'enum'
conftest.cpp:60: error: expected `]' before ';' token
conftest.cpp:61: error: expected `;' before ')' token
conftest.cpp:62: error: 'test_array' was not declared in this scope
configure:14698: $? = 1
configure: failed program was:
| /* confdefs.h */
| #define PACKAGE_NAME ""
| #define PACKAGE_TARNAME ""
| #define PACKAGE_VERSION ""
| #define PACKAGE_STRING ""
| #define PACKAGE_BUGREPORT ""
| #define PACKAGE_URL ""
| #define PACKAGE "fastbit4java"
| #define VERSION "1.0.0"
| #define STDC_HEADERS 1
| #define HAVE_SYS_TYPES_H 1
| #define HAVE_SYS_STAT_H 1
| #define HAVE_STDLIB_H 1
| #define HAVE_STRING_H 1
| #define HAVE_MEMORY_H 1
| #define HAVE_STRINGS_H 1
| #define HAVE_INTTYPES_H 1
| #define HAVE_STDINT_H 1
| #define HAVE_UNISTD_H 1
| #define HAVE_DLFCN_H 1
| #define LT_OBJDIR ".libs/"
| #define HAVE_STDBOOL_H 1
| /* end confdefs.h.  */
| #include <stdio.h>
| #ifdef HAVE_SYS_TYPES_H
| # include <sys/types.h>
| #endif
| #ifdef HAVE_SYS_STAT_H
| # include <sys/stat.h>
| #endif
| #ifdef STDC_HEADERS
| # include <stdlib.h>
| # include <stddef.h>
| #else
| # ifdef HAVE_STDLIB_H
| #  include <stdlib.h>
| # endif
| #endif
| #ifdef HAVE_STRING_H
| # if !defined STDC_HEADERS && defined HAVE_MEMORY_H
| #  include <memory.h>
| # endif
| # include <string.h>
| #endif
| #ifdef HAVE_STRINGS_H
| # include <strings.h>
| #endif
| #ifdef HAVE_INTTYPES_H
| # include <inttypes.h>
| #endif
| #ifdef HAVE_STDINT_H
| # include <stdint.h>
| #endif
| #ifdef HAVE_UNISTD_H
| # include <unistd.h>
| #endif
| int
| main ()
| {
| static int test_array [1 - 2 * !(enum { N = 64 / 2 - 1 };
| 	     0 < (long int) (((((long int) 1 << N) << N) - 1) * 2 + 1))];
| test_array [0] = 0
| 
|   ;
|   return 0;
| }
configure:14698: g++ -c -g -O2 -I/System/Library/Frameworks/JavaVM.framework/Versions/A/Headers -I/Developer/SDKs/MacOSX10.6.sdk/System/Library/Frameworks/JavaVM.framework/Versions/1.6.0/Headers conftest.cpp >&5
conftest.cpp: In function 'int main()':
conftest.cpp:60: error: types may not be defined in casts
conftest.cpp:60: error: expected primary-expression before 'enum'
conftest.cpp:60: error: expected `)' before 'enum'
conftest.cpp:60: error: expected `]' before ';' token
conftest.cpp:61: error: expected `;' before ')' token
conftest.cpp:62: error: 'test_array' was not declared in this scope
configure:14698: $? = 1
configure: failed program was:
| /* confdefs.h */
| #define PACKAGE_NAME ""
| #define PACKAGE_TARNAME ""
| #define PACKAGE_VERSION ""
| #define PACKAGE_STRING ""
| #define PACKAGE_BUGREPORT ""
| #define PACKAGE_URL ""
| #define PACKAGE "fastbit4java"
| #define VERSION "1.0.0"
| #define STDC_HEADERS 1
| #define HAVE_SYS_TYPES_H 1
| #define HAVE_SYS_STAT_H 1
| #define HAVE_STDLIB_H 1
| #define HAVE_STRING_H 1
| #define HAVE_MEMORY_H 1
| #define HAVE_STRINGS_H 1
| #define HAVE_INTTYPES_H 1
| #define HAVE_STDINT_H 1
| #define HAVE_UNISTD_H 1
| #define HAVE_DLFCN_H 1
| #define LT_OBJDIR ".libs/"
| #define HAVE_STDBOOL_H 1
| /* end confdefs.h.  */
| #include <stdio.h>
| #ifdef HAVE_SYS_TYPES_H
| # include <sys/types.h>
| #endif
| #ifdef HAVE_SYS_STAT_H
| # include <sys/stat.h>
| #endif
| #ifdef STDC_HEADERS
| # include <stdlib.h>
| # include <stddef.h>
| #else
| # ifdef HAVE_STDLIB_H
| #  include <stdlib.h>
| # endif
| #endif
| #ifdef HAVE_STRING_H
| # if !defined STDC_HEADERS && defined HAVE_MEMORY_H
| #  include <memory.h>
| # endif
| # include <string.h>
| #endif
| #ifdef HAVE_STRINGS_H
| # include <strings.h>
| #endif
| #ifdef HAVE_INTTYPES_H
| # include <inttypes.h>
| #endif
| #ifdef HAVE_STDINT_H
| # include <stdint.h>
| #endif
| #ifdef HAVE_UNISTD_H
| # include <unistd.h>
| #endif
| int
| main ()
| {
| static int test_array [1 - 2 * !(enum { N = 64 / 2 - 1 };
| 	     0 < (long long int) (((((long long int) 1 << N) << N) - 1) * 2 + 1))];
| test_array [0] = 0
| 
|   ;
|   return 0;
| }
configure:14698: g++ -c -g -O2 -I/System/Library/Frameworks/JavaVM.framework/Versions/A/Headers -I/Developer/SDKs/MacOSX10.6.sdk/System/Library/Frameworks/JavaVM.framework/Versions/1.6.0/Headers conftest.cpp >&5
conftest.cpp: In function 'int main()':
conftest.cpp:60: error: types may not be defined in casts
conftest.cpp:60: error: expected primary-expression before 'enum'
conftest.cpp:60: error: expected `)' before 'enum'
conftest.cpp:60: error: expected `]' before ';' token
conftest.cpp:61: error: expected `;' before ')' token
conftest.cpp:62: error: 'test_array' was not declared in this scope
configure:14698: $? = 1
configure: failed program was:
| /* confdefs.h */
| #define PACKAGE_NAME ""
| #define PACKAGE_TARNAME ""
| #define PACKAGE_VERSION ""
| #define PACKAGE_STRING ""
| #define PACKAGE_BUGREPORT ""
| #define PACKAGE_URL ""
| #define PACKAGE "fastbit4java"
| #define VERSION "1.0.0"
| #define STDC_HEADERS 1
| #define HAVE_SYS_TYPES_H 1
| #define HAVE_SYS_STAT_H 1
| #define HAVE_STDLIB_H 1
| #define HAVE_STRING_H 1
| #define HAVE_MEMORY_H 1
| #define HAVE_STRINGS_H 1
| #define HAVE_INTTYPES_H 1
| #define HAVE_STDINT_H 1
| #define HAVE_UNISTD_H 1
| #define HAVE_DLFCN_H 1
| #define LT_OBJDIR ".libs/"
| #define HAVE_STDBOOL_H 1
| /* end confdefs.h.  */
| #include <stdio.h>
| #ifdef HAVE_SYS_TYPES_H
| # include <sys/types.h>
| #endif
| #ifdef HAVE_SYS_STAT_H
| # include <sys/stat.h>
| #endif
| #ifdef STDC_HEADERS
| # include <stdlib.h>
| # include <stddef.h>
| #else
| # ifdef HAVE_STDLIB_H
| #  include <stdlib.h>
| # endif
| #endif
| #ifdef HAVE_STRING_H
| # if !defined STDC_HEADERS && defined HAVE_MEMORY_H
| #  include <memory.h>
| # endif
| # include <string.h>
| #endif
| #ifdef HAVE_STRINGS_H
| # include <strings.h>
| #endif
| #ifdef HAVE_INTTYPES_H
| # include <inttypes.h>
| #endif
| #ifdef HAVE_STDINT_H
| # include <stdint.h>
| #endif
| #ifdef HAVE_UNISTD_H
| # include <unistd.h>
| #endif
| int
| main ()
| {
| static int test_array [1 - 2 * !(enum { N = 64 / 2 - 1 };
| 	     0 < (short int) (((((short int) 1 << N) << N) - 1) * 2 + 1))];
| test_array [0] = 0
| 
|   ;
|   return 0;
| }
configure:14698: g++ -c -g -O2 -I/System/Library/Frameworks/JavaVM.framework/Versions/A/Headers -I/Developer/SDKs/MacOSX10.6.sdk/System/Library/Frameworks/JavaVM.framework/Versions/1.6.0/Headers conftest.cpp >&5
conftest.cpp: In function 'int main()':
conftest.cpp:60: error: types may not be defined in casts
conftest.cpp:60: error: expected primary-expression before 'enum'
conftest.cpp:60: error: expected `)' before 'enum'
conftest.cpp:60: error: expected `]' before ';' token
conftest.cpp:61: error: expected `;' before ')' token
conftest.cpp:62: error: 'test_array' was not declared in this scope
configure:14698: $? = 1
configure: failed program was:
| /* confdefs.h */
| #define PACKAGE_NAME ""
| #define PACKAGE_TARNAME ""
| #define PACKAGE_VERSION ""
| #define PACKAGE_STRING ""
| #define PACKAGE_BUGREPORT ""
| #define PACKAGE_URL ""
| #define PACKAGE "fastbit4java"
| #define VERSION "1.0.0"
| #define STDC_HEADERS 1
| #define HAVE_SYS_TYPES_H 1
| #define HAVE_SYS_STAT_H 1
| #define HAVE_STDLIB_H 1
| #define HAVE_STRING_H 1
| #define HAVE_MEMORY_H 1
| #define HAVE_STRINGS_H 1
| #define HAVE_INTTYPES_H 1
| #define HAVE_STDINT_H 1
| #define HAVE_UNISTD_H 1
| #define HAVE_DLFCN_H 1
| #define LT_OBJDIR ".libs/"
| #define HAVE_STDBOOL_H 1
| /* end confdefs.h.  */
| #include <stdio.h>
| #ifdef HAVE_SYS_TYPES_H
| # include <sys/types.h>
| #endif
| #ifdef HAVE_SYS_STAT_H
| # include <sys/stat.h>
| #endif
| #ifdef STDC_HEADERS
| # include <stdlib.h>
| # include <stddef.h>
| #else
| # ifdef HAVE_STDLIB_H
| #  include <stdlib.h>
| # endif
| #endif
| #ifdef HAVE_STRING_H
| # if !defined STDC_HEADERS && defined HAVE_MEMORY_H
| #  include <memory.h>
| # endif
| # include <string.h>
| #endif
| #ifdef HAVE_STRINGS_H
| # include <strings.h>
| #endif
| #ifdef HAVE_INTTYPES_H
| # include <inttypes.h>
| #endif
| #ifdef HAVE_STDINT_H
| # include <stdint.h>
| #endif
| #ifdef HAVE_UNISTD_H
| # include <unistd.h>
| #endif
| int
| main ()
| {
| static int test_array [1 - 2 * !(enum { N = 64 / 2 - 1 };
| 	     0 < (signed char) (((((signed char) 1 << N) << N) - 1) * 2 + 1))];
| test_array [0] = 0
| 
|   ;
|   return 0;
| }
configure:14698: result: no
configure:14709: checking for uint16_t
configure:14709: g++ -c -g -O2 -I/System/Library/Frameworks/JavaVM.framework/Versions/A/Headers -I/Developer/SDKs/MacOSX10.6.sdk/System/Library/Frameworks/JavaVM.framework/Versions/1.6.0/Headers conftest.cpp >&5
configure:14709: $? = 0
configure:14709: result: yes
configure:14721: checking for uint32_t
configure:14721: g++ -c -g -O2 -I/System/Library/Frameworks/JavaVM.framework/Versions/A/Headers -I/Developer/SDKs/MacOSX10.6.sdk/System/Library/Frameworks/JavaVM.framework/Versions/1.6.0/Headers conftest.cpp >&5
configure:14721: $? = 0
configure:14721: result: yes
configure:14735: checking for uint64_t
configure:14735: g++ -c -g -O2 -I/System/Library/Frameworks/JavaVM.framework/Versions/A/Headers -I/Developer/SDKs/MacOSX10.6.sdk/System/Library/Frameworks/JavaVM.framework/Versions/1.6.0/Headers conftest.cpp >&5
configure:14735: $? = 0
configure:14735: result: yes
configure:14917: creating ./config.status

## ---------------------- ##
## Running config.status. ##
## ---------------------- ##

This file was extended by config.status, which was
generated by GNU Autoconf 2.65.  Invocation command line was

  CONFIG_FILES    = 
  CONFIG_HEADERS  = 
  CONFIG_LINKS    = 
  CONFIG_COMMANDS = 
  $ ./config.status 

on sunil.mkhoj.com

config.status:1058: creating Makefile
config.status:1058: creating src/Makefile
config.status:1058: creating java/Makefile
config.status:1058: creating java/com/Makefile
config.status:1058: creating java/com/globalpark/Makefile
config.status:1058: creating java/com/globalpark/fastbit/Makefile
config.status:1058: creating java/com/globalpark/fastbit/exception/Makefile
config.status:1058: creating tests/Makefile
config.status:1221: executing depfiles commands
config.status:1221: executing libtool commands

## ---------------- ##
## Cache variables. ##
## ---------------- ##

ac_cv_build=x86_64-apple-darwin10.8.0
ac_cv_c_compiler_gnu=yes
ac_cv_c_inline=inline
ac_cv_c_int16_t=no
ac_cv_c_int32_t=no
ac_cv_c_int64_t=no
ac_cv_c_uint16_t=yes
ac_cv_c_uint32_t=yes
ac_cv_c_uint64_t=yes
ac_cv_cxx_compiler_gnu=yes
ac_cv_env_CCC_set=
ac_cv_env_CCC_value=
ac_cv_env_CC_set=
ac_cv_env_CC_value=
ac_cv_env_CFLAGS_set=
ac_cv_env_CFLAGS_value=
ac_cv_env_CPPFLAGS_set=set
ac_cv_env_CPPFLAGS_value='-I/System/Library/Frameworks/JavaVM.framework/Versions/A/Headers -I/Developer/SDKs/MacOSX10.6.sdk/System/Library/Frameworks/JavaVM.framework/Versions/1.6.0/Headers'
ac_cv_env_CPP_set=
ac_cv_env_CPP_value=
ac_cv_env_CXXCPP_set=
ac_cv_env_CXXCPP_value=
ac_cv_env_CXXFLAGS_set=
ac_cv_env_CXXFLAGS_value=
ac_cv_env_CXX_set=
ac_cv_env_CXX_value=
ac_cv_env_LDFLAGS_set=
ac_cv_env_LDFLAGS_value=
ac_cv_env_LIBS_set=
ac_cv_env_LIBS_value=
ac_cv_env_build_alias_set=
ac_cv_env_build_alias_value=
ac_cv_env_host_alias_set=
ac_cv_env_host_alias_value=
ac_cv_env_target_alias_set=
ac_cv_env_target_alias_value=
ac_cv_header_dlfcn_h=yes
ac_cv_header_inttypes_h=yes
ac_cv_header_memory_h=yes
ac_cv_header_stdbool_h=yes
ac_cv_header_stdc=yes
ac_cv_header_stdint_h=yes
ac_cv_header_stdlib_h=yes
ac_cv_header_string_h=yes
ac_cv_header_strings_h=yes
ac_cv_header_sys_stat_h=yes
ac_cv_header_sys_types_h=yes
ac_cv_header_unistd_h=yes
ac_cv_host=x86_64-apple-darwin10.8.0
ac_cv_lib_fastbit_main=yes
ac_cv_objext=o
ac_cv_path_EGREP='/usr/bin/grep -E'
ac_cv_path_FGREP='/usr/bin/grep -F'
ac_cv_path_GREP=/usr/bin/grep
ac_cv_path_SED=/usr/bin/sed
ac_cv_path_install='/opt/local/bin/ginstall -c'
ac_cv_path_mkdir=/opt/local/bin/gmkdir
ac_cv_prog_AWK=awk
ac_cv_prog_CPP='gcc -E'
ac_cv_prog_CXXCPP='g++ -E'
ac_cv_prog_ac_ct_AR=ar
ac_cv_prog_ac_ct_CC=gcc
ac_cv_prog_ac_ct_CXX=g++
ac_cv_prog_ac_ct_DSYMUTIL=dsymutil
ac_cv_prog_ac_ct_LIPO=lipo
ac_cv_prog_ac_ct_NMEDIT=nmedit
ac_cv_prog_ac_ct_OTOOL=otool
ac_cv_prog_ac_ct_RANLIB=ranlib
ac_cv_prog_ac_ct_STRIP=strip
ac_cv_prog_cc_c89=
ac_cv_prog_cc_g=yes
ac_cv_prog_cxx_g=yes
ac_cv_prog_make_make_set=yes
ac_cv_type__Bool=no
am_cv_CC_dependencies_compiler_type=gcc3
am_cv_CXX_dependencies_compiler_type=gcc3
lt_cv_apple_cc_single_mod=yes
lt_cv_deplibs_check_method=pass_all
lt_cv_file_magic_cmd='$MAGIC_CMD'
lt_cv_file_magic_test_file=
lt_cv_ld_exported_symbols_list=yes
lt_cv_ld_reload_flag=-r
lt_cv_nm_interface='BSD nm'
lt_cv_objdir=.libs
lt_cv_path_LD=/usr/libexec/gcc/i686-apple-darwin10/4.2.1/ld
lt_cv_path_LDCXX=/usr/libexec/gcc/i686-apple-darwin10/4.2.1/ld
lt_cv_path_NM=/usr/bin/nm
lt_cv_prog_compiler_c_o=yes
lt_cv_prog_compiler_c_o_CXX=yes
lt_cv_prog_compiler_pic_works=yes
lt_cv_prog_compiler_pic_works_CXX=yes
lt_cv_prog_compiler_rtti_exceptions=no
lt_cv_prog_compiler_static_works=no
lt_cv_prog_compiler_static_works_CXX=no
lt_cv_prog_gnu_ld=no
lt_cv_prog_gnu_ldcxx=no
lt_cv_sys_global_symbol_pipe='sed -n -e '\''s/^.*[	 ]\([BCDEGRST][BCDEGRST]*\)[	 ][	 ]*_\([_A-Za-z][_A-Za-z0-9]*\)$/\1 _\2 \2/p'\'''
lt_cv_sys_global_symbol_to_c_name_address='sed -n -e '\''s/^: \([^ ]*\) $/  {\"\1\", (void *) 0},/p'\'' -e '\''s/^[BCDEGRST]* \([^ ]*\) \([^ ]*\)$/  {"\2", (void *) \&\2},/p'\'''
lt_cv_sys_global_symbol_to_c_name_address_lib_prefix='sed -n -e '\''s/^: \([^ ]*\) $/  {\"\1\", (void *) 0},/p'\'' -e '\''s/^[BCDEGRST]* \([^ ]*\) \(lib[^ ]*\)$/  {"\2", (void *) \&\2},/p'\'' -e '\''s/^[BCDEGRST]* \([^ ]*\) \([^ ]*\)$/  {"lib\2", (void *) \&\2},/p'\'''
lt_cv_sys_global_symbol_to_cdecl='sed -n -e '\''s/^T .* \(.*\)$/extern int \1();/p'\'' -e '\''s/^[BCDEGRST]* .* \(.*\)$/extern char \1;/p'\'''
lt_cv_sys_max_cmd_len=196608

## ----------------- ##
## Output variables. ##
## ----------------- ##

ACLOCAL='${SHELL} /Users/sunilkalva/server/fastbit-ibis1.3.0/fastbit-client/garuav/missing --run aclocal-1.11'
AMDEPBACKSLASH='\'
AMDEP_FALSE='#'
AMDEP_TRUE=''
AMTAR='${SHELL} /Users/sunilkalva/server/fastbit-ibis1.3.0/fastbit-client/garuav/missing --run tar'
AR='ar'
AUTOCONF='${SHELL} /Users/sunilkalva/server/fastbit-ibis1.3.0/fastbit-client/garuav/missing --run autoconf'
AUTOHEADER='${SHELL} /Users/sunilkalva/server/fastbit-ibis1.3.0/fastbit-client/garuav/missing --run autoheader'
AUTOMAKE='${SHELL} /Users/sunilkalva/server/fastbit-ibis1.3.0/fastbit-client/garuav/missing --run automake-1.11'
AWK='awk'
CC='gcc'
CCDEPMODE='depmode=gcc3'
CFLAGS='-g -O2'
CPP='gcc -E'
CPPFLAGS='-I/System/Library/Frameworks/JavaVM.framework/Versions/A/Headers -I/Developer/SDKs/MacOSX10.6.sdk/System/Library/Frameworks/JavaVM.framework/Versions/1.6.0/Headers'
CXX='g++'
CXXCPP='g++ -E'
CXXDEPMODE='depmode=gcc3'
CXXFLAGS='-g -O2'
CYGPATH_W='echo'
DEFS='-DPACKAGE_NAME=\"\" -DPACKAGE_TARNAME=\"\" -DPACKAGE_VERSION=\"\" -DPACKAGE_STRING=\"\" -DPACKAGE_BUGREPORT=\"\" -DPACKAGE_URL=\"\" -DPACKAGE=\"fastbit4java\" -DVERSION=\"1.0.0\" -DSTDC_HEADERS=1 -DHAVE_SYS_TYPES_H=1 -DHAVE_SYS_STAT_H=1 -DHAVE_STDLIB_H=1 -DHAVE_STRING_H=1 -DHAVE_MEMORY_H=1 -DHAVE_STRINGS_H=1 -DHAVE_INTTYPES_H=1 -DHAVE_STDINT_H=1 -DHAVE_UNISTD_H=1 -DHAVE_DLFCN_H=1 -DLT_OBJDIR=\".libs/\" -DHAVE_STDBOOL_H=1'
DEPDIR='.deps'
DSYMUTIL='dsymutil'
DUMPBIN=''
ECHO_C='\c'
ECHO_N=''
ECHO_T=''
EGREP='/usr/bin/grep -E'
EXEEXT=''
FGREP='/usr/bin/grep -F'
GREP='/usr/bin/grep'
INSTALL_DATA='${INSTALL} -m 644'
INSTALL_PROGRAM='${INSTALL}'
INSTALL_SCRIPT='${INSTALL}'
INSTALL_STRIP_PROGRAM='$(install_sh) -c -s'
ISODATE='2012-10-17'
LD='/usr/libexec/gcc/i686-apple-darwin10/4.2.1/ld'
LDFLAGS=''
LIBOBJS=''
LIBS='-L/Users/sunilkalva/server/fastbit-ibis1.3.0//lib'
LIBTOOL='$(SHELL) $(top_builddir)/libtool'
LIPO='lipo'
LN_S='ln -s'
LTLIBOBJS=''
MAKEINFO='${SHELL} /Users/sunilkalva/server/fastbit-ibis1.3.0/fastbit-client/garuav/missing --run makeinfo'
MKDIR_P='/opt/local/bin/gmkdir -p'
NM='/usr/bin/nm'
NMEDIT='nmedit'
OBJDUMP='false'
OBJEXT='o'
OTOOL64=':'
OTOOL='otool'
PACKAGE='fastbit4java'
PACKAGE_BUGREPORT=''
PACKAGE_NAME=''
PACKAGE_STRING=''
PACKAGE_TARNAME=''
PACKAGE_URL=''
PACKAGE_VERSION=''
PATH_SEPARATOR=':'
RANLIB='ranlib'
SED='/usr/bin/sed'
SET_MAKE=''
SHELL='/bin/sh'
STRIP='strip'
VERSION='1.0.0'
ac_ct_CC='gcc'
ac_ct_CXX='g++'
ac_ct_DUMPBIN=''
am__EXEEXT_FALSE=''
am__EXEEXT_TRUE='#'
am__fastdepCC_FALSE='#'
am__fastdepCC_TRUE=''
am__fastdepCXX_FALSE='#'
am__fastdepCXX_TRUE=''
am__include='include'
am__isrc=''
am__leading_dot='.'
am__quote=''
am__tar='${AMTAR} chof - "$$tardir"'
am__untar='${AMTAR} xf -'
bindir='${exec_prefix}/bin'
build='x86_64-apple-darwin10.8.0'
build_alias=''
build_cpu='x86_64'
build_os='darwin10.8.0'
build_vendor='apple'
datadir='${datarootdir}'
datarootdir='${prefix}/share'
docdir='${datarootdir}/doc/${PACKAGE}'
dvidir='${docdir}'
exec_prefix='${prefix}'
fastbit_bin='/Users/sunilkalva/server/fastbit-ibis1.3.0//bin'
fastbit_includes='-I/Users/sunilkalva/server/fastbit-ibis1.3.0//include'
host='x86_64-apple-darwin10.8.0'
host_alias=''
host_cpu='x86_64'
host_os='darwin10.8.0'
host_vendor='apple'
htmldir='${docdir}'
includedir='${prefix}/include'
infodir='${datarootdir}/info'
install_sh='${SHELL} /Users/sunilkalva/server/fastbit-ibis1.3.0/fastbit-client/garuav/install-sh'
java_includes='-I/System/Library/Frameworks/JavaVM.framework/Versions/1.6.0/Home/include  -I/System/Library/Frameworks/JavaVM.framework/Headers'
junit=''
libdir='${exec_prefix}/lib'
libexecdir='${exec_prefix}/libexec'
libfastbit='-L/Users/sunilkalva/server/fastbit-ibis1.3.0//LIB -lfastbit'
localedir='${datarootdir}/locale'
localstatedir='${prefix}/var'
lt_ECHO='/bin/echo'
mandir='${datarootdir}/man'
mkdir_p='/opt/local/bin/gmkdir -p'
oldincludedir='/usr/include'
pdfdir='${docdir}'
prefix='/usr/local'
program_transform_name='s,x,x,'
psdir='${docdir}'
sbindir='${exec_prefix}/sbin'
sharedstatedir='${prefix}/com'
sysconfdir='${prefix}/etc'
target_alias=''
top_srcdir=''

## ----------- ##
## confdefs.h. ##
## ----------- ##

/* confdefs.h */
#define PACKAGE_NAME ""
#define PACKAGE_TARNAME ""
#define PACKAGE_VERSION ""
#define PACKAGE_STRING ""
#define PACKAGE_BUGREPORT ""
#define PACKAGE_URL ""
#define PACKAGE "fastbit4java"
#define VERSION "1.0.0"
#define STDC_HEADERS 1
#define HAVE_SYS_TYPES_H 1
#define HAVE_SYS_STAT_H 1
#define HAVE_STDLIB_H 1
#define HAVE_STRING_H 1
#define HAVE_MEMORY_H 1
#define HAVE_STRINGS_H 1
#define HAVE_INTTYPES_H 1
#define HAVE_STDINT_H 1
#define HAVE_UNISTD_H 1
#define HAVE_DLFCN_H 1
#define LT_OBJDIR ".libs/"
#define HAVE_STDBOOL_H 1

configure: exit 0

## ---------------------- ##
## Running config.status. ##
## ---------------------- ##

This file was extended by config.status, which was
generated by GNU Autoconf 2.65.  Invocation command line was

  CONFIG_FILES    = 
  CONFIG_HEADERS  = 
  CONFIG_LINKS    = 
  CONFIG_COMMANDS = 
  $ ./config.status Makefile

on sunil.mkhoj.com

config.status:1058: creating Makefile

## ---------------------- ##
## Running config.status. ##
## ---------------------- ##

This file was extended by config.status, which was
generated by GNU Autoconf 2.65.  Invocation command line was

  CONFIG_FILES    = 
  CONFIG_HEADERS  = 
  CONFIG_LINKS    = 
  CONFIG_COMMANDS = 
  $ ./config.status src/Makefile depfiles

on sunil.mkhoj.com

config.status:1058: creating src/Makefile
config.status:1221: executing depfiles commands

## ---------------------- ##
## Running config.status. ##
## ---------------------- ##

This file was extended by config.status, which was
generated by GNU Autoconf 2.65.  Invocation command line was

  CONFIG_FILES    = 
  CONFIG_HEADERS  = 
  CONFIG_LINKS    = 
  CONFIG_COMMANDS = 
  $ ./config.status java/Makefile

on sunil.mkhoj.com

config.status:1058: creating java/Makefile

## ---------------------- ##
## Running config.status. ##
## ---------------------- ##

This file was extended by config.status, which was
generated by GNU Autoconf 2.65.  Invocation command line was

  CONFIG_FILES    = 
  CONFIG_HEADERS  = 
  CONFIG_LINKS    = 
  CONFIG_COMMANDS = 
  $ ./config.status java/com/Makefile

on sunil.mkhoj.com

config.status:1058: creating java/com/Makefile

## ---------------------- ##
## Running config.status. ##
## ---------------------- ##

This file was extended by config.status, which was
generated by GNU Autoconf 2.65.  Invocation command line was

  CONFIG_FILES    = 
  CONFIG_HEADERS  = 
  CONFIG_LINKS    = 
  CONFIG_COMMANDS = 
  $ ./config.status java/com/globalpark/Makefile

on sunil.mkhoj.com

config.status:1058: creating java/com/globalpark/Makefile

## ---------------------- ##
## Running config.status. ##
## ---------------------- ##

This file was extended by config.status, which was
generated by GNU Autoconf 2.65.  Invocation command line was

  CONFIG_FILES    = 
  CONFIG_HEADERS  = 
  CONFIG_LINKS    = 
  CONFIG_COMMANDS = 
  $ ./config.status java/com/globalpark/fastbit/Makefile

on sunil.mkhoj.com

config.status:1058: creating java/com/globalpark/fastbit/Makefile

## ---------------------- ##
## Running config.status. ##
## ---------------------- ##

This file was extended by config.status, which was
generated by GNU Autoconf 2.65.  Invocation command line was

  CONFIG_FILES    = 
  CONFIG_HEADERS  = 
  CONFIG_LINKS    = 
  CONFIG_COMMANDS = 
  $ ./config.status java/com/globalpark/fastbit/exception/Makefile

on sunil.mkhoj.com

config.status:1058: creating java/com/globalpark/fastbit/exception/Makefile

## ---------------------- ##
## Running config.status. ##
## ---------------------- ##

This file was extended by config.status, which was
generated by GNU Autoconf 2.65.  Invocation command line was

  CONFIG_FILES    = 
  CONFIG_HEADERS  = 
  CONFIG_LINKS    = 
  CONFIG_COMMANDS = 
  $ ./config.status Makefile

on sunil.mkhoj.com

config.status:1058: creating Makefile

## ---------------------- ##
## Running config.status. ##
## ---------------------- ##

This file was extended by config.status, which was
generated by GNU Autoconf 2.65.  Invocation command line was

  CONFIG_FILES    = 
  CONFIG_HEADERS  = 
  CONFIG_LINKS    = 
  CONFIG_COMMANDS = 
  $ ./config.status src/Makefile depfiles

on sunil.mkhoj.com

config.status:1058: creating src/Makefile
config.status:1221: executing depfiles commands

## ---------------------- ##
## Running config.status. ##
## ---------------------- ##

This file was extended by config.status, which was
generated by GNU Autoconf 2.65.  Invocation command line was

  CONFIG_FILES    = 
  CONFIG_HEADERS  = 
  CONFIG_LINKS    = 
  CONFIG_COMMANDS = 
  $ ./config.status java/Makefile

on sunil.mkhoj.com

config.status:1058: creating java/Makefile

## ---------------------- ##
## Running config.status. ##
## ---------------------- ##

This file was extended by config.status, which was
generated by GNU Autoconf 2.65.  Invocation command line was

  CONFIG_FILES    = 
  CONFIG_HEADERS  = 
  CONFIG_LINKS    = 
  CONFIG_COMMANDS = 
  $ ./config.status java/com/Makefile

on sunil.mkhoj.com

config.status:1058: creating java/com/Makefile

## ---------------------- ##
## Running config.status. ##
## ---------------------- ##

This file was extended by config.status, which was
generated by GNU Autoconf 2.65.  Invocation command line was

  CONFIG_FILES    = 
  CONFIG_HEADERS  = 
  CONFIG_LINKS    = 
  CONFIG_COMMANDS = 
  $ ./config.status java/com/globalpark/Makefile

on sunil.mkhoj.com

config.status:1058: creating java/com/globalpark/Makefile

## ---------------------- ##
## Running config.status. ##
## ---------------------- ##

This file was extended by config.status, which was
generated by GNU Autoconf 2.65.  Invocation command line was

  CONFIG_FILES    = 
  CONFIG_HEADERS  = 
  CONFIG_LINKS    = 
  CONFIG_COMMANDS = 
  $ ./config.status java/com/globalpark/fastbit/Makefile

on sunil.mkhoj.com

config.status:1058: creating java/com/globalpark/fastbit/Makefile

## ---------------------- ##
## Running config.status. ##
## ---------------------- ##

This file was extended by config.status, which was
generated by GNU Autoconf 2.65.  Invocation command line was

  CONFIG_FILES    = 
  CONFIG_HEADERS  = 
  CONFIG_LINKS    = 
  CONFIG_COMMANDS = 
  $ ./config.status java/com/globalpark/fastbit/exception/Makefile

on sunil.mkhoj.com

config.status:1058: creating java/com/globalpark/fastbit/exception/Makefile
